2024/06/06 12:59:29 [notice] 1#1: using the "epoll" event method
2024/06/06 12:59:29 [notice] 1#1: nginx/1.27.0
2024/06/06 12:59:29 [notice] 1#1: built by gcc 12.2.0 (Debian 12.2.0-14) 
2024/06/06 12:59:29 [notice] 1#1: OS: Linux 5.10.104-linuxkit
2024/06/06 12:59:29 [notice] 1#1: getrlimit(RLIMIT_NOFILE): 1048576:1048576
2024/06/06 12:59:29 [notice] 1#1: start worker processes
2024/06/06 12:59:29 [notice] 1#1: start worker process 27
2024/06/06 12:59:29 [notice] 1#1: start worker process 28
2024/06/06 12:59:29 [notice] 1#1: start worker process 29
2024/06/06 12:59:29 [notice] 1#1: start worker process 30
2024/06/06 12:59:29 [notice] 1#1: start worker process 31
2024/06/06 12:59:29 [notice] 1#1: start worker process 32
2024/06/06 13:08:05 [notice] 1#1: signal 3 (SIGQUIT) received, shutting down
2024/06/06 13:08:05 [notice] 28#28: gracefully shutting down
2024/06/06 13:08:05 [notice] 28#28: exiting
2024/06/06 13:08:05 [notice] 27#27: gracefully shutting down
2024/06/06 13:08:05 [notice] 29#29: gracefully shutting down
2024/06/06 13:08:05 [notice] 29#29: exiting
2024/06/06 13:08:05 [notice] 31#31: gracefully shutting down
2024/06/06 13:08:05 [notice] 32#32: gracefully shutting down
2024/06/06 13:08:05 [notice] 32#32: exiting
2024/06/06 13:08:05 [notice] 30#30: gracefully shutting down
2024/06/06 13:08:05 [notice] 28#28: exit
2024/06/06 13:08:05 [notice] 27#27: exiting
2024/06/06 13:08:05 [notice] 29#29: exit
2024/06/06 13:08:05 [notice] 31#31: exiting
2024/06/06 13:08:05 [notice] 32#32: exit
2024/06/06 13:08:05 [notice] 30#30: exiting
2024/06/06 13:08:05 [notice] 27#27: exit
2024/06/06 13:08:05 [notice] 31#31: exit
2024/06/06 13:08:05 [notice] 30#30: exit
2024/06/06 13:08:05 [notice] 1#1: signal 17 (SIGCHLD) received from 29
2024/06/06 13:08:05 [notice] 1#1: worker process 29 exited with code 0
2024/06/06 13:08:05 [notice] 1#1: signal 29 (SIGIO) received
2024/06/06 13:08:05 [notice] 1#1: signal 17 (SIGCHLD) received from 28
2024/06/06 13:08:05 [notice] 1#1: worker process 28 exited with code 0
2024/06/06 13:08:05 [notice] 1#1: worker process 32 exited with code 0
2024/06/06 13:08:05 [notice] 1#1: signal 29 (SIGIO) received
2024/06/06 13:08:05 [notice] 1#1: signal 17 (SIGCHLD) received from 32
2024/06/06 13:08:05 [notice] 1#1: signal 17 (SIGCHLD) received from 30
2024/06/06 13:08:05 [notice] 1#1: worker process 30 exited with code 0
2024/06/06 13:08:05 [notice] 1#1: signal 29 (SIGIO) received
2024/06/06 13:08:05 [notice] 1#1: signal 17 (SIGCHLD) received from 31
2024/06/06 13:08:05 [notice] 1#1: worker process 27 exited with code 0
2024/06/06 13:08:05 [notice] 1#1: worker process 31 exited with code 0
2024/06/06 13:08:05 [notice] 1#1: exit
2024/06/08 16:07:03 [notice] 1#1: using the "epoll" event method
2024/06/08 16:07:03 [notice] 1#1: nginx/1.27.0
2024/06/08 16:07:03 [notice] 1#1: built by gcc 12.2.0 (Debian 12.2.0-14) 
2024/06/08 16:07:03 [notice] 1#1: OS: Linux 5.10.104-linuxkit
2024/06/08 16:07:03 [notice] 1#1: getrlimit(RLIMIT_NOFILE): 1048576:1048576
2024/06/08 16:07:03 [notice] 1#1: start worker processes
2024/06/08 16:07:03 [notice] 1#1: start worker process 28
2024/06/08 16:07:03 [notice] 1#1: start worker process 29
2024/06/08 16:07:03 [notice] 1#1: start worker process 30
2024/06/08 16:07:03 [notice] 1#1: start worker process 31
2024/06/08 16:07:03 [notice] 1#1: start worker process 32
2024/06/08 16:07:03 [notice] 1#1: start worker process 33
2024/06/08 16:11:24 [notice] 1#1: signal 3 (SIGQUIT) received, shutting down
2024/06/08 16:11:24 [notice] 28#28: gracefully shutting down
2024/06/08 16:11:24 [notice] 29#29: gracefully shutting down
2024/06/08 16:11:24 [notice] 29#29: exiting
2024/06/08 16:11:24 [notice] 30#30: gracefully shutting down
2024/06/08 16:11:24 [notice] 32#32: gracefully shutting down
2024/06/08 16:11:24 [notice] 32#32: exiting
2024/06/08 16:11:24 [notice] 31#31: gracefully shutting down
2024/06/08 16:11:24 [notice] 31#31: exiting
2024/06/08 16:11:24 [notice] 33#33: gracefully shutting down
2024/06/08 16:11:24 [notice] 28#28: exiting
2024/06/08 16:11:24 [notice] 29#29: exit
2024/06/08 16:11:24 [notice] 30#30: exiting
2024/06/08 16:11:24 [notice] 32#32: exit
2024/06/08 16:11:24 [notice] 31#31: exit
2024/06/08 16:11:24 [notice] 33#33: exiting
2024/06/08 16:11:24 [notice] 28#28: exit
2024/06/08 16:11:24 [notice] 30#30: exit
2024/06/08 16:11:24 [notice] 33#33: exit
2024/06/08 16:11:24 [notice] 1#1: signal 17 (SIGCHLD) received from 28
2024/06/08 16:11:24 [notice] 1#1: worker process 28 exited with code 0
2024/06/08 16:11:24 [notice] 1#1: signal 29 (SIGIO) received
2024/06/08 16:11:24 [notice] 1#1: signal 17 (SIGCHLD) received from 31
2024/06/08 16:11:24 [notice] 1#1: worker process 31 exited with code 0
2024/06/08 16:11:24 [notice] 1#1: worker process 33 exited with code 0
2024/06/08 16:11:24 [notice] 1#1: signal 29 (SIGIO) received
2024/06/08 16:11:24 [notice] 1#1: signal 17 (SIGCHLD) received from 33
2024/06/08 16:11:24 [notice] 1#1: worker process 32 exited with code 0
2024/06/08 16:11:24 [notice] 1#1: worker process 29 exited with code 0
2024/06/08 16:11:24 [notice] 1#1: signal 29 (SIGIO) received
2024/06/08 16:11:24 [notice] 1#1: signal 17 (SIGCHLD) received from 32
2024/06/08 16:11:24 [notice] 1#1: signal 17 (SIGCHLD) received from 30
2024/06/08 16:11:24 [notice] 1#1: worker process 30 exited with code 0
2024/06/08 16:11:24 [notice] 1#1: exit
2024/06/08 16:14:56 [notice] 1#1: using the "epoll" event method
2024/06/08 16:14:56 [notice] 1#1: nginx/1.27.0
2024/06/08 16:14:56 [notice] 1#1: built by gcc 12.2.0 (Debian 12.2.0-14) 
2024/06/08 16:14:56 [notice] 1#1: OS: Linux 5.10.104-linuxkit
2024/06/08 16:14:56 [notice] 1#1: getrlimit(RLIMIT_NOFILE): 1048576:1048576
2024/06/08 16:14:56 [notice] 1#1: start worker processes
2024/06/08 16:14:56 [notice] 1#1: start worker process 28
2024/06/08 16:14:56 [notice] 1#1: start worker process 29
2024/06/08 16:14:56 [notice] 1#1: start worker process 30
2024/06/08 16:14:56 [notice] 1#1: start worker process 31
2024/06/08 16:14:56 [notice] 1#1: start worker process 32
2024/06/08 16:14:56 [notice] 1#1: start worker process 33
2024/06/08 16:15:11 [error] 31#31: *16 rewrite or internal redirection cycle while internally redirecting to "/var/www/html/", client: 192.168.16.1, server: localhost, request: "GET / HTTP/1.1", host: "0.0.0.0"
2024/06/08 16:15:12 [error] 31#31: *15 rewrite or internal redirection cycle while internally redirecting to "/var/www/html/", client: 192.168.16.1, server: localhost, request: "GET /favicon.ico HTTP/1.1", host: "0.0.0.0", referrer: "http://0.0.0.0/"
2024/06/08 16:15:38 [error] 28#28: *25 rewrite or internal redirection cycle while internally redirecting to "/var/www/html/", client: 192.168.16.1, server: localhost, request: "GET /favicon.ico HTTP/1.1", host: "0.0.0.0", referrer: "http://0.0.0.0/index.html"
2024/06/08 16:15:55 [error] 29#29: *26 rewrite or internal redirection cycle while internally redirecting to "/var/www/html/", client: 192.168.16.1, server: localhost, request: "GET /favicon.ico HTTP/1.1", host: "0.0.0.0", referrer: "http://0.0.0.0/index.html"
2024/06/08 16:21:12 [error] 33#33: *91 rewrite or internal redirection cycle while internally redirecting to "/var/www/html/", client: 192.168.16.1, server: localhost, request: "GET /metrics HTTP/1.1", host: "localhost"
2024/06/08 16:21:13 [error] 33#33: *90 rewrite or internal redirection cycle while internally redirecting to "/var/www/html/", client: 192.168.16.1, server: localhost, request: "GET /favicon.ico HTTP/1.1", host: "localhost", referrer: "http://localhost/metrics"
2024/06/08 16:23:44 [error] 30#30: *97 rewrite or internal redirection cycle while internally redirecting to "/var/www/html/", client: 192.168.16.1, server: localhost, request: "GET /metrics HTTP/1.1", host: "localhost"
2024/06/08 16:23:45 [error] 32#32: *96 rewrite or internal redirection cycle while internally redirecting to "/var/www/html/", client: 192.168.16.1, server: localhost, request: "GET /favicon.ico HTTP/1.1", host: "localhost", referrer: "http://localhost/metrics"
2024/06/08 16:23:49 [error] 32#32: *99 rewrite or internal redirection cycle while internally redirecting to "/var/www/html/", client: 192.168.16.1, server: localhost, request: "GET /favicon.ico HTTP/1.1", host: "localhost", referrer: "http://localhost/metrics/index.html"
2024/06/08 16:23:58 [error] 32#32: *98 rewrite or internal redirection cycle while internally redirecting to "/var/www/html/", client: 192.168.16.1, server: localhost, request: "GET /favicon.ico HTTP/1.1", host: "localhost", referrer: "http://localhost/metrics/index.html"
2024/06/08 16:24:14 [error] 30#30: *100 rewrite or internal redirection cycle while internally redirecting to "/var/www/html/", client: 192.168.16.1, server: localhost, request: "GET /metrics HTTP/1.1", host: "localhost"
2024/06/08 16:24:15 [error] 30#30: *101 rewrite or internal redirection cycle while internally redirecting to "/var/www/html/", client: 192.168.16.1, server: localhost, request: "GET /favicon.ico HTTP/1.1", host: "localhost", referrer: "http://localhost/metrics"
2024/06/08 16:27:04 [notice] 1#1: signal 3 (SIGQUIT) received, shutting down
2024/06/08 16:27:04 [notice] 28#28: gracefully shutting down
2024/06/08 16:27:04 [notice] 30#30: gracefully shutting down
2024/06/08 16:27:04 [notice] 29#29: gracefully shutting down
2024/06/08 16:27:04 [notice] 31#31: gracefully shutting down
2024/06/08 16:27:04 [notice] 33#33: gracefully shutting down
2024/06/08 16:27:04 [notice] 32#32: gracefully shutting down
2024/06/08 16:27:04 [notice] 28#28: exiting
2024/06/08 16:27:04 [notice] 30#30: exiting
2024/06/08 16:27:04 [notice] 29#29: exiting
2024/06/08 16:27:04 [notice] 31#31: exiting
2024/06/08 16:27:04 [notice] 33#33: exiting
2024/06/08 16:27:04 [notice] 32#32: exiting
2024/06/08 16:27:04 [notice] 28#28: exit
2024/06/08 16:27:04 [notice] 30#30: exit
2024/06/08 16:27:04 [notice] 29#29: exit
2024/06/08 16:27:04 [notice] 31#31: exit
2024/06/08 16:27:04 [notice] 33#33: exit
2024/06/08 16:27:04 [notice] 32#32: exit
2024/06/08 16:27:04 [notice] 1#1: signal 17 (SIGCHLD) received from 31
2024/06/08 16:27:04 [notice] 1#1: worker process 28 exited with code 0
2024/06/08 16:27:04 [notice] 1#1: worker process 30 exited with code 0
2024/06/08 16:27:04 [notice] 1#1: worker process 31 exited with code 0
2024/06/08 16:27:04 [notice] 1#1: signal 29 (SIGIO) received
2024/06/08 16:27:04 [notice] 1#1: signal 17 (SIGCHLD) received from 30
2024/06/08 16:27:04 [notice] 1#1: worker process 29 exited with code 0
2024/06/08 16:27:04 [notice] 1#1: worker process 32 exited with code 0
2024/06/08 16:27:04 [notice] 1#1: worker process 33 exited with code 0
2024/06/08 16:27:04 [notice] 1#1: exit
2024/06/08 16:27:09 [notice] 1#1: using the "epoll" event method
2024/06/08 16:27:09 [notice] 1#1: nginx/1.27.0
2024/06/08 16:27:09 [notice] 1#1: built by gcc 12.2.0 (Debian 12.2.0-14) 
2024/06/08 16:27:09 [notice] 1#1: OS: Linux 5.10.104-linuxkit
2024/06/08 16:27:09 [notice] 1#1: getrlimit(RLIMIT_NOFILE): 1048576:1048576
2024/06/08 16:27:09 [notice] 1#1: start worker processes
2024/06/08 16:27:09 [notice] 1#1: start worker process 28
2024/06/08 16:27:09 [notice] 1#1: start worker process 29
2024/06/08 16:27:09 [notice] 1#1: start worker process 30
2024/06/08 16:27:09 [notice] 1#1: start worker process 31
2024/06/08 16:27:09 [notice] 1#1: start worker process 32
2024/06/08 16:27:09 [notice] 1#1: start worker process 33
2024/06/08 16:30:08 [notice] 1#1: signal 3 (SIGQUIT) received, shutting down
2024/06/08 16:30:08 [notice] 28#28: gracefully shutting down
2024/06/08 16:30:08 [notice] 30#30: gracefully shutting down
2024/06/08 16:30:08 [notice] 29#29: gracefully shutting down
2024/06/08 16:30:08 [notice] 32#32: gracefully shutting down
2024/06/08 16:30:08 [notice] 32#32: exiting
2024/06/08 16:30:08 [notice] 31#31: gracefully shutting down
2024/06/08 16:30:08 [notice] 31#31: exiting
2024/06/08 16:30:08 [notice] 33#33: gracefully shutting down
2024/06/08 16:30:08 [notice] 28#28: exiting
2024/06/08 16:30:08 [notice] 30#30: exiting
2024/06/08 16:30:08 [notice] 29#29: exiting
2024/06/08 16:30:08 [notice] 32#32: exit
2024/06/08 16:30:08 [notice] 31#31: exit
2024/06/08 16:30:08 [notice] 33#33: exiting
2024/06/08 16:30:08 [notice] 28#28: exit
2024/06/08 16:30:08 [notice] 30#30: exit
2024/06/08 16:30:08 [notice] 29#29: exit
2024/06/08 16:30:08 [notice] 33#33: exit
2024/06/08 16:30:08 [notice] 1#1: signal 17 (SIGCHLD) received from 32
2024/06/08 16:30:08 [notice] 1#1: worker process 32 exited with code 0
2024/06/08 16:30:08 [notice] 1#1: signal 29 (SIGIO) received
2024/06/08 16:30:08 [notice] 1#1: signal 17 (SIGCHLD) received from 31
2024/06/08 16:30:08 [notice] 1#1: worker process 28 exited with code 0
2024/06/08 16:30:08 [notice] 1#1: worker process 31 exited with code 0
2024/06/08 16:30:08 [notice] 1#1: signal 29 (SIGIO) received
2024/06/08 16:30:08 [notice] 1#1: signal 17 (SIGCHLD) received from 33
2024/06/08 16:30:08 [notice] 1#1: worker process 30 exited with code 0
2024/06/08 16:30:08 [notice] 1#1: worker process 33 exited with code 0
2024/06/08 16:30:08 [notice] 1#1: worker process 29 exited with code 0
2024/06/08 16:30:08 [notice] 1#1: exit
2024/06/08 16:30:14 [notice] 1#1: using the "epoll" event method
2024/06/08 16:30:14 [notice] 1#1: nginx/1.27.0
2024/06/08 16:30:14 [notice] 1#1: built by gcc 12.2.0 (Debian 12.2.0-14) 
2024/06/08 16:30:14 [notice] 1#1: OS: Linux 5.10.104-linuxkit
2024/06/08 16:30:14 [notice] 1#1: getrlimit(RLIMIT_NOFILE): 1048576:1048576
2024/06/08 16:30:14 [notice] 1#1: start worker processes
2024/06/08 16:30:14 [notice] 1#1: start worker process 28
2024/06/08 16:30:14 [notice] 1#1: start worker process 29
2024/06/08 16:30:14 [notice] 1#1: start worker process 30
2024/06/08 16:30:14 [notice] 1#1: start worker process 31
2024/06/08 16:30:14 [notice] 1#1: start worker process 32
2024/06/08 16:30:14 [notice] 1#1: start worker process 33
2024/06/08 16:30:20 [error] 28#28: *23 rewrite or internal redirection cycle while internally redirecting to "/index.html", client: 192.168.48.1, server: localhost, request: "GET /metrics/ HTTP/1.1", host: "0.0.0.0"
2024/06/08 16:33:06 [notice] 1#1: signal 3 (SIGQUIT) received, shutting down
2024/06/08 16:33:06 [notice] 29#29: gracefully shutting down
2024/06/08 16:33:06 [notice] 29#29: exiting
2024/06/08 16:33:06 [notice] 33#33: gracefully shutting down
2024/06/08 16:33:06 [notice] 32#32: gracefully shutting down
2024/06/08 16:33:06 [notice] 31#31: gracefully shutting down
2024/06/08 16:33:06 [notice] 31#31: exiting
2024/06/08 16:33:06 [notice] 30#30: gracefully shutting down
2024/06/08 16:33:06 [notice] 30#30: exiting
2024/06/08 16:33:06 [notice] 28#28: gracefully shutting down
2024/06/08 16:33:06 [notice] 29#29: exit
2024/06/08 16:33:06 [notice] 33#33: exiting
2024/06/08 16:33:06 [notice] 32#32: exiting
2024/06/08 16:33:06 [notice] 31#31: exit
2024/06/08 16:33:06 [notice] 30#30: exit
2024/06/08 16:33:06 [notice] 28#28: exiting
2024/06/08 16:33:06 [notice] 33#33: exit
2024/06/08 16:33:06 [notice] 32#32: exit
2024/06/08 16:33:06 [notice] 28#28: exit
2024/06/08 16:33:06 [notice] 1#1: signal 17 (SIGCHLD) received from 29
2024/06/08 16:33:06 [notice] 1#1: worker process 29 exited with code 0
2024/06/08 16:33:06 [notice] 1#1: signal 29 (SIGIO) received
2024/06/08 16:33:06 [notice] 1#1: signal 17 (SIGCHLD) received from 31
2024/06/08 16:33:06 [notice] 1#1: worker process 31 exited with code 0
2024/06/08 16:33:06 [notice] 1#1: signal 29 (SIGIO) received
2024/06/08 16:33:06 [notice] 1#1: signal 17 (SIGCHLD) received from 30
2024/06/08 16:33:06 [notice] 1#1: worker process 30 exited with code 0
2024/06/08 16:33:06 [notice] 1#1: signal 29 (SIGIO) received
2024/06/08 16:33:06 [notice] 1#1: signal 17 (SIGCHLD) received from 28
2024/06/08 16:33:06 [notice] 1#1: worker process 28 exited with code 0
2024/06/08 16:33:06 [notice] 1#1: worker process 32 exited with code 0
2024/06/08 16:33:06 [notice] 1#1: worker process 33 exited with code 0
2024/06/08 16:33:06 [notice] 1#1: exit
2024/06/08 16:33:44 [notice] 1#1: using the "epoll" event method
2024/06/08 16:33:44 [notice] 1#1: nginx/1.27.0
2024/06/08 16:33:44 [notice] 1#1: built by gcc 12.2.0 (Debian 12.2.0-14) 
2024/06/08 16:33:44 [notice] 1#1: OS: Linux 5.10.104-linuxkit
2024/06/08 16:33:44 [notice] 1#1: getrlimit(RLIMIT_NOFILE): 1048576:1048576
2024/06/08 16:33:44 [notice] 1#1: start worker processes
2024/06/08 16:33:44 [notice] 1#1: start worker process 28
2024/06/08 16:33:44 [notice] 1#1: start worker process 29
2024/06/08 16:33:44 [notice] 1#1: start worker process 30
2024/06/08 16:33:44 [notice] 1#1: start worker process 31
2024/06/08 16:33:44 [notice] 1#1: start worker process 32
2024/06/08 16:33:44 [notice] 1#1: start worker process 33
2024/06/08 16:35:09 [notice] 1#1: signal 3 (SIGQUIT) received, shutting down
2024/06/08 16:35:09 [notice] 28#28: gracefully shutting down
2024/06/08 16:35:09 [notice] 29#29: gracefully shutting down
2024/06/08 16:35:09 [notice] 30#30: gracefully shutting down
2024/06/08 16:35:09 [notice] 30#30: exiting
2024/06/08 16:35:09 [notice] 32#32: gracefully shutting down
2024/06/08 16:35:09 [notice] 32#32: exiting
2024/06/08 16:35:09 [notice] 31#31: gracefully shutting down
2024/06/08 16:35:09 [notice] 31#31: exiting
2024/06/08 16:35:09 [notice] 33#33: gracefully shutting down
2024/06/08 16:35:09 [notice] 28#28: exiting
2024/06/08 16:35:09 [notice] 29#29: exiting
2024/06/08 16:35:09 [notice] 30#30: exit
2024/06/08 16:35:09 [notice] 32#32: exit
2024/06/08 16:35:09 [notice] 31#31: exit
2024/06/08 16:35:09 [notice] 33#33: exiting
2024/06/08 16:35:09 [notice] 28#28: exit
2024/06/08 16:35:09 [notice] 29#29: exit
2024/06/08 16:35:09 [notice] 33#33: exit
2024/06/08 16:35:09 [notice] 1#1: signal 17 (SIGCHLD) received from 31
2024/06/08 16:35:09 [notice] 1#1: worker process 31 exited with code 0
2024/06/08 16:35:09 [notice] 1#1: signal 29 (SIGIO) received
2024/06/08 16:35:09 [notice] 1#1: signal 17 (SIGCHLD) received from 30
2024/06/08 16:35:09 [notice] 1#1: worker process 28 exited with code 0
2024/06/08 16:35:09 [notice] 1#1: worker process 30 exited with code 0
2024/06/08 16:35:09 [notice] 1#1: worker process 32 exited with code 0
2024/06/08 16:35:09 [notice] 1#1: worker process 29 exited with code 0
2024/06/08 16:35:09 [notice] 1#1: signal 29 (SIGIO) received
2024/06/08 16:35:09 [notice] 1#1: signal 17 (SIGCHLD) received from 28
2024/06/08 16:35:09 [notice] 1#1: signal 17 (SIGCHLD) received from 33
2024/06/08 16:35:09 [notice] 1#1: worker process 33 exited with code 0
2024/06/08 16:35:09 [notice] 1#1: exit
2024/06/08 16:35:09 [notice] 1#1: using the "epoll" event method
2024/06/08 16:35:09 [notice] 1#1: nginx/1.27.0
2024/06/08 16:35:09 [notice] 1#1: built by gcc 12.2.0 (Debian 12.2.0-14) 
2024/06/08 16:35:09 [notice] 1#1: OS: Linux 5.10.104-linuxkit
2024/06/08 16:35:09 [notice] 1#1: getrlimit(RLIMIT_NOFILE): 1048576:1048576
2024/06/08 16:35:09 [notice] 1#1: start worker processes
2024/06/08 16:35:09 [notice] 1#1: start worker process 28
2024/06/08 16:35:09 [notice] 1#1: start worker process 29
2024/06/08 16:35:09 [notice] 1#1: start worker process 30
2024/06/08 16:35:09 [notice] 1#1: start worker process 31
2024/06/08 16:35:09 [notice] 1#1: start worker process 32
2024/06/08 16:35:09 [notice] 1#1: start worker process 33
2024/06/08 16:37:54 [notice] 1#1: signal 3 (SIGQUIT) received, shutting down
2024/06/08 16:37:54 [notice] 28#28: gracefully shutting down
2024/06/08 16:37:54 [notice] 28#28: exiting
2024/06/08 16:37:54 [notice] 32#32: gracefully shutting down
2024/06/08 16:37:54 [notice] 32#32: exiting
2024/06/08 16:37:54 [notice] 29#29: gracefully shutting down
2024/06/08 16:37:54 [notice] 29#29: exiting
2024/06/08 16:37:54 [notice] 31#31: gracefully shutting down
2024/06/08 16:37:54 [notice] 33#33: gracefully shutting down
2024/06/08 16:37:54 [notice] 33#33: exiting
2024/06/08 16:37:54 [notice] 30#30: gracefully shutting down
2024/06/08 16:37:54 [notice] 30#30: exiting
2024/06/08 16:37:54 [notice] 28#28: exit
2024/06/08 16:37:54 [notice] 32#32: exit
2024/06/08 16:37:54 [notice] 29#29: exit
2024/06/08 16:37:54 [notice] 31#31: exiting
2024/06/08 16:37:54 [notice] 33#33: exit
2024/06/08 16:37:54 [notice] 30#30: exit
2024/06/08 16:37:54 [notice] 31#31: exit
2024/06/08 16:37:54 [notice] 1#1: signal 17 (SIGCHLD) received from 28
2024/06/08 16:37:54 [notice] 1#1: worker process 28 exited with code 0
2024/06/08 16:37:54 [notice] 1#1: signal 29 (SIGIO) received
2024/06/08 16:37:54 [notice] 1#1: signal 17 (SIGCHLD) received from 33
2024/06/08 16:37:54 [notice] 1#1: worker process 29 exited with code 0
2024/06/08 16:37:54 [notice] 1#1: worker process 32 exited with code 0
2024/06/08 16:37:54 [notice] 1#1: worker process 33 exited with code 0
2024/06/08 16:37:54 [notice] 1#1: signal 29 (SIGIO) received
2024/06/08 16:37:54 [notice] 1#1: signal 17 (SIGCHLD) received from 29
2024/06/08 16:37:54 [notice] 1#1: signal 17 (SIGCHLD) received from 31
2024/06/08 16:37:54 [notice] 1#1: worker process 30 exited with code 0
2024/06/08 16:37:54 [notice] 1#1: worker process 31 exited with code 0
2024/06/08 16:37:54 [notice] 1#1: exit
2024/06/08 16:37:55 [notice] 1#1: using the "epoll" event method
2024/06/08 16:37:55 [notice] 1#1: nginx/1.27.0
2024/06/08 16:37:55 [notice] 1#1: built by gcc 12.2.0 (Debian 12.2.0-14) 
2024/06/08 16:37:55 [notice] 1#1: OS: Linux 5.10.104-linuxkit
2024/06/08 16:37:55 [notice] 1#1: getrlimit(RLIMIT_NOFILE): 1048576:1048576
2024/06/08 16:37:55 [notice] 1#1: start worker processes
2024/06/08 16:37:55 [notice] 1#1: start worker process 28
2024/06/08 16:37:55 [notice] 1#1: start worker process 29
2024/06/08 16:37:55 [notice] 1#1: start worker process 30
2024/06/08 16:37:55 [notice] 1#1: start worker process 31
2024/06/08 16:37:55 [notice] 1#1: start worker process 32
2024/06/08 16:37:55 [notice] 1#1: start worker process 33
2024/06/08 16:38:06 [notice] 1#1: signal 3 (SIGQUIT) received, shutting down
2024/06/08 16:38:06 [notice] 28#28: gracefully shutting down
2024/06/08 16:38:06 [notice] 30#30: gracefully shutting down
2024/06/08 16:38:06 [notice] 31#31: gracefully shutting down
2024/06/08 16:38:06 [notice] 29#29: gracefully shutting down
2024/06/08 16:38:06 [notice] 29#29: exiting
2024/06/08 16:38:06 [notice] 32#32: gracefully shutting down
2024/06/08 16:38:06 [notice] 32#32: exiting
2024/06/08 16:38:06 [notice] 33#33: gracefully shutting down
2024/06/08 16:38:06 [notice] 33#33: exiting
2024/06/08 16:38:06 [notice] 33#33: exit
2024/06/08 16:38:06 [notice] 28#28: exiting
2024/06/08 16:38:06 [notice] 30#30: exiting
2024/06/08 16:38:06 [notice] 31#31: exiting
2024/06/08 16:38:06 [notice] 29#29: exit
2024/06/08 16:38:06 [notice] 32#32: exit
2024/06/08 16:38:06 [notice] 28#28: exit
2024/06/08 16:38:06 [notice] 30#30: exit
2024/06/08 16:38:06 [notice] 31#31: exit
2024/06/08 16:38:06 [notice] 1#1: signal 17 (SIGCHLD) received from 33
2024/06/08 16:38:06 [notice] 1#1: worker process 33 exited with code 0
2024/06/08 16:38:06 [notice] 1#1: signal 29 (SIGIO) received
2024/06/08 16:38:06 [notice] 1#1: signal 17 (SIGCHLD) received from 29
2024/06/08 16:38:06 [notice] 1#1: worker process 29 exited with code 0
2024/06/08 16:38:06 [notice] 1#1: signal 29 (SIGIO) received
2024/06/08 16:38:06 [notice] 1#1: signal 17 (SIGCHLD) received from 32
2024/06/08 16:38:06 [notice] 1#1: worker process 32 exited with code 0
2024/06/08 16:38:06 [notice] 1#1: signal 29 (SIGIO) received
2024/06/08 16:38:06 [notice] 1#1: signal 17 (SIGCHLD) received from 30
2024/06/08 16:38:06 [notice] 1#1: worker process 30 exited with code 0
2024/06/08 16:38:06 [notice] 1#1: signal 29 (SIGIO) received
2024/06/08 16:38:06 [notice] 1#1: signal 17 (SIGCHLD) received from 28
2024/06/08 16:38:06 [notice] 1#1: worker process 28 exited with code 0
2024/06/08 16:38:06 [notice] 1#1: worker process 31 exited with code 0
2024/06/08 16:38:06 [notice] 1#1: exit
2024/06/08 16:38:14 [notice] 1#1: using the "epoll" event method
2024/06/08 16:38:14 [notice] 1#1: nginx/1.27.0
2024/06/08 16:38:14 [notice] 1#1: built by gcc 12.2.0 (Debian 12.2.0-14) 
2024/06/08 16:38:14 [notice] 1#1: OS: Linux 5.10.104-linuxkit
2024/06/08 16:38:14 [notice] 1#1: getrlimit(RLIMIT_NOFILE): 1048576:1048576
2024/06/08 16:38:14 [notice] 1#1: start worker processes
2024/06/08 16:38:14 [notice] 1#1: start worker process 28
2024/06/08 16:38:14 [notice] 1#1: start worker process 29
2024/06/08 16:38:14 [notice] 1#1: start worker process 30
2024/06/08 16:38:14 [notice] 1#1: start worker process 31
2024/06/08 16:38:14 [notice] 1#1: start worker process 32
2024/06/08 16:38:14 [notice] 1#1: start worker process 33
2024/06/08 16:39:09 [error] 28#28: *23 open() "/var/www/htmlindex.html" failed (2: No such file or directory), client: 192.168.96.1, server: localhost, request: "GET /favicon.ico HTTP/1.1", host: "localhost", referrer: "http://localhost/metrics/"
2024/06/08 16:39:39 [notice] 1#1: signal 3 (SIGQUIT) received, shutting down
2024/06/08 16:39:39 [notice] 30#30: gracefully shutting down
2024/06/08 16:39:39 [notice] 31#31: gracefully shutting down
2024/06/08 16:39:39 [notice] 31#31: exiting
2024/06/08 16:39:39 [notice] 28#28: gracefully shutting down
2024/06/08 16:39:39 [notice] 33#33: gracefully shutting down
2024/06/08 16:39:39 [notice] 33#33: exiting
2024/06/08 16:39:39 [notice] 29#29: gracefully shutting down
2024/06/08 16:39:39 [notice] 29#29: exiting
2024/06/08 16:39:39 [notice] 32#32: gracefully shutting down
2024/06/08 16:39:39 [notice] 30#30: exiting
2024/06/08 16:39:39 [notice] 31#31: exit
2024/06/08 16:39:39 [notice] 33#33: exit
2024/06/08 16:39:39 [notice] 29#29: exit
2024/06/08 16:39:39 [notice] 32#32: exiting
2024/06/08 16:39:39 [notice] 30#30: exit
2024/06/08 16:39:39 [notice] 32#32: exit
2024/06/08 16:39:39 [notice] 1#1: signal 17 (SIGCHLD) received from 31
2024/06/08 16:39:39 [notice] 1#1: worker process 31 exited with code 0
2024/06/08 16:39:39 [notice] 1#1: worker process 29 exited with code 0
2024/06/08 16:39:39 [notice] 1#1: worker process 32 exited with code 0
2024/06/08 16:39:39 [notice] 1#1: worker process 33 exited with code 0
2024/06/08 16:39:39 [notice] 1#1: signal 29 (SIGIO) received
2024/06/08 16:39:39 [notice] 1#1: signal 17 (SIGCHLD) received from 29
2024/06/08 16:39:39 [notice] 1#1: worker process 30 exited with code 0
2024/06/08 16:39:39 [notice] 1#1: signal 29 (SIGIO) received
2024/06/08 16:39:58 [notice] 1#1: using the "epoll" event method
2024/06/08 16:39:58 [notice] 1#1: nginx/1.27.0
2024/06/08 16:39:58 [notice] 1#1: built by gcc 12.2.0 (Debian 12.2.0-14) 
2024/06/08 16:39:58 [notice] 1#1: OS: Linux 5.10.104-linuxkit
2024/06/08 16:39:58 [notice] 1#1: getrlimit(RLIMIT_NOFILE): 1048576:1048576
2024/06/08 16:39:58 [notice] 1#1: start worker processes
2024/06/08 16:39:58 [notice] 1#1: start worker process 29
2024/06/08 16:39:58 [notice] 1#1: start worker process 30
2024/06/08 16:39:58 [notice] 1#1: start worker process 31
2024/06/08 16:39:58 [notice] 1#1: start worker process 32
2024/06/08 16:39:58 [notice] 1#1: start worker process 33
2024/06/08 16:39:58 [notice] 1#1: start worker process 34
2024/06/08 16:42:09 [error] 29#29: *29 open() "/var/www/htmlindex.html" failed (2: No such file or directory), client: 192.168.112.1, server: localhost, request: "GET /favicon.ico HTTP/1.1", host: "0.0.0.0", referrer: "http://0.0.0.0/metrics/index.html"
2024/06/08 16:42:35 [notice] 1#1: signal 3 (SIGQUIT) received, shutting down
2024/06/08 16:42:35 [notice] 30#30: gracefully shutting down
2024/06/08 16:42:35 [notice] 29#29: gracefully shutting down
2024/06/08 16:42:35 [notice] 31#31: gracefully shutting down
2024/06/08 16:42:35 [notice] 31#31: exiting
2024/06/08 16:42:35 [notice] 32#32: gracefully shutting down
2024/06/08 16:42:35 [notice] 32#32: exiting
2024/06/08 16:42:35 [notice] 34#34: gracefully shutting down
2024/06/08 16:42:35 [notice] 33#33: gracefully shutting down
2024/06/08 16:42:35 [notice] 30#30: exiting
2024/06/08 16:42:35 [notice] 31#31: exit
2024/06/08 16:42:35 [notice] 32#32: exit
2024/06/08 16:42:35 [notice] 34#34: exiting
2024/06/08 16:42:35 [notice] 34#34: exit
2024/06/08 16:42:35 [notice] 33#33: exiting
2024/06/08 16:42:35 [notice] 30#30: exit
2024/06/08 16:42:35 [notice] 33#33: exit
2024/06/08 16:42:35 [notice] 1#1: signal 17 (SIGCHLD) received from 34
2024/06/08 16:42:35 [notice] 1#1: worker process 31 exited with code 0
2024/06/08 16:42:35 [notice] 1#1: worker process 32 exited with code 0
2024/06/08 16:42:35 [notice] 1#1: worker process 34 exited with code 0
2024/06/08 16:42:35 [notice] 1#1: signal 29 (SIGIO) received
2024/06/08 16:42:35 [notice] 1#1: signal 17 (SIGCHLD) received from 31
2024/06/08 16:42:35 [notice] 1#1: worker process 30 exited with code 0
2024/06/08 16:42:35 [notice] 1#1: worker process 33 exited with code 0
2024/06/08 16:42:35 [notice] 1#1: signal 29 (SIGIO) received
2024/06/08 16:42:35 [notice] 1#1: signal 17 (SIGCHLD) received from 33
2024/06/08 16:42:52 [emerg] 1#1: host not found in upstream "php-srv-1" in /etc/nginx/conf.d/default.conf:28
2024/06/08 16:42:53 [emerg] 1#1: host not found in upstream "php-srv-1" in /etc/nginx/conf.d/default.conf:28
2024/06/08 16:42:54 [emerg] 1#1: host not found in upstream "php-srv-1" in /etc/nginx/conf.d/default.conf:28
2024/06/08 16:42:54 [emerg] 1#1: host not found in upstream "php-srv-1" in /etc/nginx/conf.d/default.conf:28
2024/06/08 16:42:56 [emerg] 1#1: host not found in upstream "php-srv-1" in /etc/nginx/conf.d/default.conf:28
2024/06/08 16:42:58 [emerg] 1#1: host not found in upstream "php-srv-1" in /etc/nginx/conf.d/default.conf:28
2024/06/08 16:43:01 [emerg] 1#1: host not found in upstream "php-srv-1" in /etc/nginx/conf.d/default.conf:28
2024/06/08 16:43:08 [emerg] 1#1: host not found in upstream "php-srv-1" in /etc/nginx/conf.d/default.conf:28
2024/06/08 16:43:21 [emerg] 1#1: host not found in upstream "php-srv-1" in /etc/nginx/conf.d/default.conf:28
2024/06/08 16:43:47 [emerg] 1#1: host not found in upstream "php-srv-1" in /etc/nginx/conf.d/default.conf:28
2024/06/08 16:44:39 [emerg] 1#1: host not found in upstream "php-srv-1" in /etc/nginx/conf.d/default.conf:28
2024/06/08 16:45:40 [emerg] 1#1: host not found in upstream "php-srv-1" in /etc/nginx/conf.d/default.conf:28
2024/06/08 16:46:40 [emerg] 1#1: host not found in upstream "php-srv-1" in /etc/nginx/conf.d/default.conf:28
2024/06/08 16:47:40 [emerg] 1#1: host not found in upstream "php-srv-1" in /etc/nginx/conf.d/default.conf:28
2024/06/08 16:48:41 [emerg] 1#1: host not found in upstream "php-srv-1" in /etc/nginx/conf.d/default.conf:28
2024/06/08 16:49:41 [emerg] 1#1: host not found in upstream "php-srv-1" in /etc/nginx/conf.d/default.conf:28
2024/06/08 16:50:41 [emerg] 1#1: host not found in upstream "php-srv-1" in /etc/nginx/conf.d/default.conf:28
2024/06/08 16:51:20 [emerg] 1#1: host not found in upstream "php-srv-1" in /etc/nginx/conf.d/default.conf:28
2024/06/08 16:51:20 [emerg] 1#1: host not found in upstream "php-srv-1" in /etc/nginx/conf.d/default.conf:28
2024/06/08 16:51:21 [emerg] 1#1: host not found in upstream "php-srv-1" in /etc/nginx/conf.d/default.conf:28
2024/06/08 16:51:22 [emerg] 1#1: host not found in upstream "php-srv-1" in /etc/nginx/conf.d/default.conf:28
2024/06/08 16:51:23 [emerg] 1#1: host not found in upstream "php-srv-1" in /etc/nginx/conf.d/default.conf:28
2024/06/08 16:51:25 [emerg] 1#1: host not found in upstream "php-srv-1" in /etc/nginx/conf.d/default.conf:28
2024/06/08 16:51:29 [emerg] 1#1: host not found in upstream "php-srv-1" in /etc/nginx/conf.d/default.conf:28
2024/06/08 16:51:35 [emerg] 1#1: host not found in upstream "php-srv-1" in /etc/nginx/conf.d/default.conf:28
2024/06/08 16:51:49 [emerg] 1#1: host not found in upstream "php-srv-1" in /etc/nginx/conf.d/default.conf:28
2024/06/08 16:52:15 [emerg] 1#1: host not found in upstream "php-srv-1" in /etc/nginx/conf.d/default.conf:28
2024/06/08 16:53:06 [emerg] 1#1: host not found in upstream "php-srv-1" in /etc/nginx/conf.d/default.conf:28
2024/06/08 16:54:06 [emerg] 1#1: host not found in upstream "php-srv-1" in /etc/nginx/conf.d/default.conf:28
2024/06/08 16:55:07 [emerg] 1#1: host not found in upstream "php-srv-1" in /etc/nginx/conf.d/default.conf:28
2024/06/08 16:56:07 [emerg] 1#1: host not found in upstream "php-srv-1" in /etc/nginx/conf.d/default.conf:28
2024/06/08 16:57:08 [emerg] 1#1: host not found in upstream "php-srv-1" in /etc/nginx/conf.d/default.conf:28
2024/06/08 16:58:08 [emerg] 1#1: host not found in upstream "php-srv-1" in /etc/nginx/conf.d/default.conf:28
2024/06/08 16:59:08 [emerg] 1#1: host not found in upstream "php-srv-1" in /etc/nginx/conf.d/default.conf:28
2024/06/08 17:00:09 [emerg] 1#1: host not found in upstream "php-srv-1" in /etc/nginx/conf.d/default.conf:28
2024/06/08 17:01:09 [emerg] 1#1: host not found in upstream "php-srv-1" in /etc/nginx/conf.d/default.conf:28
2024/06/08 17:02:09 [emerg] 1#1: host not found in upstream "php-srv-1" in /etc/nginx/conf.d/default.conf:28
2024/06/08 17:03:10 [emerg] 1#1: host not found in upstream "php-srv-1" in /etc/nginx/conf.d/default.conf:28
2024/06/08 17:04:10 [emerg] 1#1: host not found in upstream "php-srv-1" in /etc/nginx/conf.d/default.conf:28
2024/06/08 17:05:11 [emerg] 1#1: host not found in upstream "php-srv-1" in /etc/nginx/conf.d/default.conf:28
2024/06/08 17:06:11 [emerg] 1#1: host not found in upstream "php-srv-1" in /etc/nginx/conf.d/default.conf:28
2024/06/08 17:07:11 [emerg] 1#1: host not found in upstream "php-srv-1" in /etc/nginx/conf.d/default.conf:28
2024/06/08 17:08:12 [emerg] 1#1: host not found in upstream "php-srv-1" in /etc/nginx/conf.d/default.conf:28
2024/06/08 17:09:12 [emerg] 1#1: host not found in upstream "php-srv-1" in /etc/nginx/conf.d/default.conf:28
2024/06/08 17:10:12 [emerg] 1#1: host not found in upstream "php-srv-1" in /etc/nginx/conf.d/default.conf:28
2024/06/08 17:11:13 [emerg] 1#1: host not found in upstream "php-srv-1" in /etc/nginx/conf.d/default.conf:28
2024/06/08 17:12:13 [emerg] 1#1: host not found in upstream "php-srv-1" in /etc/nginx/conf.d/default.conf:28
2024/06/08 17:13:13 [emerg] 1#1: host not found in upstream "php-srv-1" in /etc/nginx/conf.d/default.conf:28
2024/06/08 17:14:14 [emerg] 1#1: host not found in upstream "php-srv-1" in /etc/nginx/conf.d/default.conf:28
2024/06/08 17:15:14 [emerg] 1#1: host not found in upstream "php-srv-1" in /etc/nginx/conf.d/default.conf:28
2024/06/08 17:16:14 [emerg] 1#1: host not found in upstream "php-srv-1" in /etc/nginx/conf.d/default.conf:28
2024/06/08 17:17:15 [emerg] 1#1: host not found in upstream "php-srv-1" in /etc/nginx/conf.d/default.conf:28
2024/06/08 17:18:15 [emerg] 1#1: host not found in upstream "php-srv-1" in /etc/nginx/conf.d/default.conf:28
2024/06/08 17:19:15 [emerg] 1#1: host not found in upstream "php-srv-1" in /etc/nginx/conf.d/default.conf:28
2024/06/08 17:20:16 [emerg] 1#1: host not found in upstream "php-srv-1" in /etc/nginx/conf.d/default.conf:28
2024/06/08 17:21:16 [emerg] 1#1: host not found in upstream "php-srv-1" in /etc/nginx/conf.d/default.conf:28
2024/06/08 17:22:17 [emerg] 1#1: host not found in upstream "php-srv-1" in /etc/nginx/conf.d/default.conf:28
2024/06/08 17:23:17 [emerg] 1#1: host not found in upstream "php-srv-1" in /etc/nginx/conf.d/default.conf:28
2024/06/08 17:24:17 [emerg] 1#1: host not found in upstream "php-srv-1" in /etc/nginx/conf.d/default.conf:28
2024/06/08 17:25:18 [emerg] 1#1: host not found in upstream "php-srv-1" in /etc/nginx/conf.d/default.conf:28
2024/06/08 17:26:18 [emerg] 1#1: host not found in upstream "php-srv-1" in /etc/nginx/conf.d/default.conf:28
2024/06/08 17:27:18 [emerg] 1#1: host not found in upstream "php-srv-1" in /etc/nginx/conf.d/default.conf:28
2024/06/08 17:28:19 [emerg] 1#1: host not found in upstream "php-srv-1" in /etc/nginx/conf.d/default.conf:28
2024/06/08 17:29:19 [emerg] 1#1: host not found in upstream "php-srv-1" in /etc/nginx/conf.d/default.conf:28
2024/06/08 17:30:19 [emerg] 1#1: host not found in upstream "php-srv-1" in /etc/nginx/conf.d/default.conf:28
2024/06/08 17:31:20 [emerg] 1#1: host not found in upstream "php-srv-1" in /etc/nginx/conf.d/default.conf:28
2024/06/08 17:32:20 [emerg] 1#1: host not found in upstream "php-srv-1" in /etc/nginx/conf.d/default.conf:28
2024/06/08 17:33:20 [emerg] 1#1: host not found in upstream "php-srv-1" in /etc/nginx/conf.d/default.conf:28
2024/06/08 17:34:21 [emerg] 1#1: host not found in upstream "php-srv-1" in /etc/nginx/conf.d/default.conf:28
2024/06/08 17:35:21 [emerg] 1#1: host not found in upstream "php-srv-1" in /etc/nginx/conf.d/default.conf:28
2024/06/08 17:36:22 [emerg] 1#1: host not found in upstream "php-srv-1" in /etc/nginx/conf.d/default.conf:28
2024/06/08 17:36:47 [emerg] 1#1: host not found in upstream "php-srv-1" in /etc/nginx/conf.d/default.conf:28
2024/06/08 17:36:48 [emerg] 1#1: host not found in upstream "php-srv-1" in /etc/nginx/conf.d/default.conf:28
2024/06/08 17:36:49 [emerg] 1#1: host not found in upstream "php-srv-1" in /etc/nginx/conf.d/default.conf:28
2024/06/08 17:36:49 [emerg] 1#1: host not found in upstream "php-srv-1" in /etc/nginx/conf.d/default.conf:28
2024/06/08 17:36:51 [emerg] 1#1: host not found in upstream "php-srv-1" in /etc/nginx/conf.d/default.conf:28
2024/06/08 17:36:53 [emerg] 1#1: host not found in upstream "php-srv-1" in /etc/nginx/conf.d/default.conf:28
2024/06/08 17:36:56 [emerg] 1#1: host not found in upstream "php-srv-1" in /etc/nginx/conf.d/default.conf:28
2024/06/08 17:37:03 [emerg] 1#1: host not found in upstream "php-srv-1" in /etc/nginx/conf.d/default.conf:28
2024/06/08 17:37:16 [emerg] 1#1: host not found in upstream "php-srv-1" in /etc/nginx/conf.d/default.conf:28
2024/06/08 17:37:39 [emerg] 1#1: host not found in upstream "php-srv-1" in /etc/nginx/conf.d/default.conf:28
2024/06/08 17:37:40 [emerg] 1#1: host not found in upstream "php-srv-1" in /etc/nginx/conf.d/default.conf:28
2024/06/08 17:37:40 [emerg] 1#1: host not found in upstream "php-srv-1" in /etc/nginx/conf.d/default.conf:28
2024/06/08 17:37:41 [emerg] 1#1: host not found in upstream "php-srv-1" in /etc/nginx/conf.d/default.conf:28
2024/06/08 17:37:42 [emerg] 1#1: host not found in upstream "php-srv-1" in /etc/nginx/conf.d/default.conf:28
2024/06/08 17:37:44 [emerg] 1#1: host not found in upstream "php-srv-1" in /etc/nginx/conf.d/default.conf:28
2024/06/08 17:37:48 [emerg] 1#1: host not found in upstream "php-srv-1" in /etc/nginx/conf.d/default.conf:28
2024/06/08 17:37:54 [emerg] 1#1: host not found in upstream "php-srv-1" in /etc/nginx/conf.d/default.conf:28
2024/06/08 17:38:08 [emerg] 1#1: host not found in upstream "php-srv-1" in /etc/nginx/conf.d/default.conf:28
2024/06/08 17:38:34 [emerg] 1#1: host not found in upstream "php-srv-1" in /etc/nginx/conf.d/default.conf:28
2024/06/08 17:39:01 [notice] 1#1: using the "epoll" event method
2024/06/08 17:39:01 [notice] 1#1: nginx/1.27.0
2024/06/08 17:39:01 [notice] 1#1: built by gcc 12.2.0 (Debian 12.2.0-14) 
2024/06/08 17:39:01 [notice] 1#1: OS: Linux 5.10.104-linuxkit
2024/06/08 17:39:01 [notice] 1#1: getrlimit(RLIMIT_NOFILE): 1048576:1048576
2024/06/08 17:39:01 [notice] 1#1: start worker processes
2024/06/08 17:39:01 [notice] 1#1: start worker process 28
2024/06/08 17:39:01 [notice] 1#1: start worker process 29
2024/06/08 17:39:01 [notice] 1#1: start worker process 30
2024/06/08 17:39:01 [notice] 1#1: start worker process 31
2024/06/08 17:39:01 [notice] 1#1: start worker process 32
2024/06/08 17:39:01 [notice] 1#1: start worker process 33
2024/06/08 17:39:56 [notice] 1#1: signal 3 (SIGQUIT) received, shutting down
2024/06/08 17:39:56 [notice] 28#28: gracefully shutting down
2024/06/08 17:39:56 [notice] 29#29: gracefully shutting down
2024/06/08 17:39:56 [notice] 31#31: gracefully shutting down
2024/06/08 17:39:56 [notice] 31#31: exiting
2024/06/08 17:39:56 [notice] 30#30: gracefully shutting down
2024/06/08 17:39:56 [notice] 32#32: gracefully shutting down
2024/06/08 17:39:56 [notice] 33#33: gracefully shutting down
2024/06/08 17:39:56 [notice] 28#28: exiting
2024/06/08 17:39:56 [notice] 31#31: exit
2024/06/08 17:39:56 [notice] 30#30: exiting
2024/06/08 17:39:56 [notice] 30#30: exit
2024/06/08 17:39:56 [notice] 32#32: exiting
2024/06/08 17:39:56 [notice] 33#33: exiting
2024/06/08 17:39:56 [notice] 28#28: exit
2024/06/08 17:39:56 [notice] 32#32: exit
2024/06/08 17:39:56 [notice] 33#33: exit
2024/06/08 17:39:56 [notice] 1#1: signal 17 (SIGCHLD) received from 31
2024/06/08 17:39:56 [notice] 1#1: worker process 31 exited with code 0
2024/06/08 17:39:56 [notice] 1#1: signal 29 (SIGIO) received
2024/06/08 17:39:56 [notice] 1#1: signal 17 (SIGCHLD) received from 30
2024/06/08 17:39:56 [notice] 1#1: worker process 30 exited with code 0
2024/06/08 17:39:56 [notice] 1#1: signal 29 (SIGIO) received
2024/06/08 17:39:56 [notice] 1#1: signal 17 (SIGCHLD) received from 32
2024/06/08 17:39:56 [notice] 1#1: worker process 32 exited with code 0
2024/06/08 17:39:56 [notice] 1#1: signal 29 (SIGIO) received
2024/06/08 17:39:56 [notice] 1#1: signal 17 (SIGCHLD) received from 33
2024/06/08 17:39:56 [notice] 1#1: worker process 28 exited with code 0
2024/06/08 17:39:56 [notice] 1#1: worker process 33 exited with code 0
2024/06/08 17:39:56 [notice] 1#1: signal 29 (SIGIO) received
2024/06/08 17:40:07 [notice] 1#1: using the "epoll" event method
2024/06/08 17:40:07 [notice] 1#1: nginx/1.27.0
2024/06/08 17:40:07 [notice] 1#1: built by gcc 12.2.0 (Debian 12.2.0-14) 
2024/06/08 17:40:07 [notice] 1#1: OS: Linux 5.10.104-linuxkit
2024/06/08 17:40:07 [notice] 1#1: getrlimit(RLIMIT_NOFILE): 1048576:1048576
2024/06/08 17:40:07 [notice] 1#1: start worker processes
2024/06/08 17:40:07 [notice] 1#1: start worker process 27
2024/06/08 17:40:07 [notice] 1#1: start worker process 28
2024/06/08 17:40:07 [notice] 1#1: start worker process 29
2024/06/08 17:40:07 [notice] 1#1: start worker process 30
2024/06/08 17:40:07 [notice] 1#1: start worker process 31
2024/06/08 17:40:07 [notice] 1#1: start worker process 32
2024/06/08 17:40:59 [notice] 1#1: signal 3 (SIGQUIT) received, shutting down
2024/06/08 17:40:59 [notice] 27#27: gracefully shutting down
2024/06/08 17:40:59 [notice] 27#27: exiting
2024/06/08 17:40:59 [notice] 28#28: gracefully shutting down
2024/06/08 17:40:59 [notice] 28#28: exiting
2024/06/08 17:40:59 [notice] 29#29: gracefully shutting down
2024/06/08 17:40:59 [notice] 30#30: gracefully shutting down
2024/06/08 17:40:59 [notice] 31#31: gracefully shutting down
2024/06/08 17:40:59 [notice] 32#32: gracefully shutting down
2024/06/08 17:40:59 [notice] 27#27: exit
2024/06/08 17:40:59 [notice] 28#28: exit
2024/06/08 17:40:59 [notice] 29#29: exiting
2024/06/08 17:40:59 [notice] 30#30: exiting
2024/06/08 17:40:59 [notice] 31#31: exiting
2024/06/08 17:40:59 [notice] 32#32: exiting
2024/06/08 17:40:59 [notice] 29#29: exit
2024/06/08 17:40:59 [notice] 30#30: exit
2024/06/08 17:40:59 [notice] 31#31: exit
2024/06/08 17:40:59 [notice] 32#32: exit
2024/06/08 17:40:59 [notice] 1#1: signal 17 (SIGCHLD) received from 27
2024/06/08 17:40:59 [notice] 1#1: worker process 27 exited with code 0
2024/06/08 17:40:59 [notice] 1#1: signal 29 (SIGIO) received
2024/06/08 17:40:59 [notice] 1#1: signal 17 (SIGCHLD) received from 28
2024/06/08 17:40:59 [notice] 1#1: worker process 28 exited with code 0
2024/06/08 17:40:59 [notice] 1#1: signal 29 (SIGIO) received
2024/06/08 17:40:59 [notice] 1#1: signal 17 (SIGCHLD) received from 31
2024/06/08 17:40:59 [notice] 1#1: worker process 31 exited with code 0
2024/06/08 17:40:59 [notice] 1#1: signal 29 (SIGIO) received
2024/06/08 17:40:59 [notice] 1#1: signal 17 (SIGCHLD) received from 29
2024/06/08 17:40:59 [notice] 1#1: worker process 29 exited with code 0
2024/06/08 17:40:59 [notice] 1#1: worker process 30 exited with code 0
2024/06/08 17:40:59 [notice] 1#1: worker process 32 exited with code 0
2024/06/08 17:40:59 [notice] 1#1: exit
2024/06/08 17:40:59 [notice] 1#1: using the "epoll" event method
2024/06/08 17:40:59 [notice] 1#1: nginx/1.27.0
2024/06/08 17:40:59 [notice] 1#1: built by gcc 12.2.0 (Debian 12.2.0-14) 
2024/06/08 17:40:59 [notice] 1#1: OS: Linux 5.10.104-linuxkit
2024/06/08 17:40:59 [notice] 1#1: getrlimit(RLIMIT_NOFILE): 1048576:1048576
2024/06/08 17:40:59 [notice] 1#1: start worker processes
2024/06/08 17:40:59 [notice] 1#1: start worker process 28
2024/06/08 17:40:59 [notice] 1#1: start worker process 29
2024/06/08 17:40:59 [notice] 1#1: start worker process 30
2024/06/08 17:40:59 [notice] 1#1: start worker process 31
2024/06/08 17:40:59 [notice] 1#1: start worker process 32
2024/06/08 17:40:59 [notice] 1#1: start worker process 33
2024/06/08 17:41:22 [notice] 1#1: signal 3 (SIGQUIT) received, shutting down
2024/06/08 17:41:22 [notice] 31#31: gracefully shutting down
2024/06/08 17:41:22 [notice] 29#29: gracefully shutting down
2024/06/08 17:41:22 [notice] 33#33: gracefully shutting down
2024/06/08 17:41:22 [notice] 32#32: gracefully shutting down
2024/06/08 17:41:22 [notice] 32#32: exiting
2024/06/08 17:41:22 [notice] 30#30: gracefully shutting down
2024/06/08 17:41:22 [notice] 28#28: gracefully shutting down
2024/06/08 17:41:22 [notice] 31#31: exiting
2024/06/08 17:41:22 [notice] 29#29: exiting
2024/06/08 17:41:22 [notice] 33#33: exiting
2024/06/08 17:41:22 [notice] 33#33: exit
2024/06/08 17:41:22 [notice] 32#32: exit
2024/06/08 17:41:22 [notice] 30#30: exiting
2024/06/08 17:41:22 [notice] 28#28: exiting
2024/06/08 17:41:22 [notice] 31#31: exit
2024/06/08 17:41:22 [notice] 29#29: exit
2024/06/08 17:41:22 [notice] 30#30: exit
2024/06/08 17:41:22 [notice] 28#28: exit
2024/06/08 17:41:22 [notice] 1#1: signal 17 (SIGCHLD) received from 33
2024/06/08 17:41:22 [notice] 1#1: worker process 33 exited with code 0
2024/06/08 17:41:22 [notice] 1#1: signal 29 (SIGIO) received
2024/06/08 17:41:22 [notice] 1#1: signal 17 (SIGCHLD) received from 32
2024/06/08 17:41:22 [notice] 1#1: worker process 31 exited with code 0
2024/06/08 17:41:22 [notice] 1#1: worker process 32 exited with code 0
2024/06/08 17:41:22 [notice] 1#1: signal 29 (SIGIO) received
2024/06/08 17:41:22 [notice] 1#1: signal 17 (SIGCHLD) received from 29
2024/06/08 17:41:22 [notice] 1#1: worker process 29 exited with code 0
2024/06/08 17:41:22 [notice] 1#1: signal 29 (SIGIO) received
2024/06/08 17:41:22 [notice] 1#1: signal 17 (SIGCHLD) received from 28
2024/06/08 17:41:22 [notice] 1#1: worker process 28 exited with code 0
2024/06/08 17:41:22 [notice] 1#1: worker process 30 exited with code 0
2024/06/08 17:41:22 [notice] 1#1: exit
2024/06/08 17:41:26 [notice] 1#1: using the "epoll" event method
2024/06/08 17:41:26 [notice] 1#1: nginx/1.27.0
2024/06/08 17:41:26 [notice] 1#1: built by gcc 12.2.0 (Debian 12.2.0-14) 
2024/06/08 17:41:26 [notice] 1#1: OS: Linux 5.10.104-linuxkit
2024/06/08 17:41:26 [notice] 1#1: getrlimit(RLIMIT_NOFILE): 1048576:1048576
2024/06/08 17:41:26 [notice] 1#1: start worker processes
2024/06/08 17:41:26 [notice] 1#1: start worker process 28
2024/06/08 17:41:26 [notice] 1#1: start worker process 29
2024/06/08 17:41:26 [notice] 1#1: start worker process 30
2024/06/08 17:41:26 [notice] 1#1: start worker process 31
2024/06/08 17:41:26 [notice] 1#1: start worker process 32
2024/06/08 17:41:26 [notice] 1#1: start worker process 33
2024/06/08 17:42:07 [notice] 1#1: signal 3 (SIGQUIT) received, shutting down
2024/06/08 17:42:07 [notice] 28#28: gracefully shutting down
2024/06/08 17:42:07 [notice] 29#29: gracefully shutting down
2024/06/08 17:42:07 [notice] 30#30: gracefully shutting down
2024/06/08 17:42:07 [notice] 30#30: exiting
2024/06/08 17:42:07 [notice] 31#31: gracefully shutting down
2024/06/08 17:42:07 [notice] 31#31: exiting
2024/06/08 17:42:07 [notice] 32#32: gracefully shutting down
2024/06/08 17:42:07 [notice] 33#33: gracefully shutting down
2024/06/08 17:42:07 [notice] 28#28: exiting
2024/06/08 17:42:07 [notice] 29#29: exiting
2024/06/08 17:42:07 [notice] 30#30: exit
2024/06/08 17:42:07 [notice] 31#31: exit
2024/06/08 17:42:07 [notice] 32#32: exiting
2024/06/08 17:42:07 [notice] 33#33: exiting
2024/06/08 17:42:07 [notice] 28#28: exit
2024/06/08 17:42:07 [notice] 29#29: exit
2024/06/08 17:42:07 [notice] 32#32: exit
2024/06/08 17:42:07 [notice] 33#33: exit
2024/06/08 17:42:07 [notice] 1#1: signal 17 (SIGCHLD) received from 30
2024/06/08 17:42:07 [notice] 1#1: worker process 28 exited with code 0
2024/06/08 17:42:07 [notice] 1#1: worker process 30 exited with code 0
2024/06/08 17:42:07 [notice] 1#1: worker process 31 exited with code 0
2024/06/08 17:42:07 [notice] 1#1: signal 29 (SIGIO) received
2024/06/08 17:42:07 [notice] 1#1: signal 17 (SIGCHLD) received from 28
2024/06/08 17:42:07 [notice] 1#1: signal 17 (SIGCHLD) received from 32
2024/06/08 17:42:07 [notice] 1#1: worker process 29 exited with code 0
2024/06/08 17:42:07 [notice] 1#1: worker process 32 exited with code 0
2024/06/08 17:42:07 [notice] 1#1: signal 17 (SIGCHLD) received from 33
2024/06/08 17:42:07 [notice] 1#1: worker process 33 exited with code 0
2024/06/08 17:42:07 [notice] 1#1: exit
2024/06/08 17:42:08 [notice] 1#1: using the "epoll" event method
2024/06/08 17:42:08 [notice] 1#1: nginx/1.27.0
2024/06/08 17:42:08 [notice] 1#1: built by gcc 12.2.0 (Debian 12.2.0-14) 
2024/06/08 17:42:08 [notice] 1#1: OS: Linux 5.10.104-linuxkit
2024/06/08 17:42:08 [notice] 1#1: getrlimit(RLIMIT_NOFILE): 1048576:1048576
2024/06/08 17:42:08 [notice] 1#1: start worker processes
2024/06/08 17:42:08 [notice] 1#1: start worker process 28
2024/06/08 17:42:08 [notice] 1#1: start worker process 29
2024/06/08 17:42:08 [notice] 1#1: start worker process 30
2024/06/08 17:42:08 [notice] 1#1: start worker process 31
2024/06/08 17:42:08 [notice] 1#1: start worker process 32
2024/06/08 17:42:08 [notice] 1#1: start worker process 33
2024/06/08 17:42:25 [notice] 1#1: signal 3 (SIGQUIT) received, shutting down
2024/06/08 17:42:25 [notice] 28#28: gracefully shutting down
2024/06/08 17:42:25 [notice] 28#28: exiting
2024/06/08 17:42:25 [notice] 29#29: gracefully shutting down
2024/06/08 17:42:25 [notice] 29#29: exiting
2024/06/08 17:42:25 [notice] 29#29: exit
2024/06/08 17:42:25 [notice] 30#30: gracefully shutting down
2024/06/08 17:42:25 [notice] 33#33: gracefully shutting down
2024/06/08 17:42:25 [notice] 33#33: exiting
2024/06/08 17:42:25 [notice] 32#32: gracefully shutting down
2024/06/08 17:42:25 [notice] 32#32: exiting
2024/06/08 17:42:25 [notice] 31#31: gracefully shutting down
2024/06/08 17:42:25 [notice] 28#28: exit
2024/06/08 17:42:25 [notice] 30#30: exiting
2024/06/08 17:42:25 [notice] 33#33: exit
2024/06/08 17:42:25 [notice] 32#32: exit
2024/06/08 17:42:25 [notice] 31#31: exiting
2024/06/08 17:42:25 [notice] 30#30: exit
2024/06/08 17:42:25 [notice] 31#31: exit
2024/06/08 17:42:25 [notice] 1#1: signal 17 (SIGCHLD) received from 29
2024/06/08 17:42:25 [notice] 1#1: worker process 29 exited with code 0
2024/06/08 17:42:25 [notice] 1#1: signal 29 (SIGIO) received
2024/06/08 17:42:25 [notice] 1#1: signal 17 (SIGCHLD) received from 28
2024/06/08 17:42:25 [notice] 1#1: worker process 28 exited with code 0
2024/06/08 17:42:25 [notice] 1#1: worker process 33 exited with code 0
2024/06/08 17:42:25 [notice] 1#1: signal 29 (SIGIO) received
2024/06/08 17:42:25 [notice] 1#1: signal 17 (SIGCHLD) received from 32
2024/06/08 17:42:25 [notice] 1#1: worker process 32 exited with code 0
2024/06/08 17:42:25 [notice] 1#1: signal 29 (SIGIO) received
2024/06/08 17:42:25 [notice] 1#1: signal 17 (SIGCHLD) received from 30
2024/06/08 17:42:25 [notice] 1#1: worker process 30 exited with code 0
2024/06/08 17:42:25 [notice] 1#1: worker process 31 exited with code 0
2024/06/08 17:42:25 [notice] 1#1: exit
2024/06/08 17:42:37 [notice] 1#1: using the "epoll" event method
2024/06/08 17:42:37 [notice] 1#1: nginx/1.27.0
2024/06/08 17:42:37 [notice] 1#1: built by gcc 12.2.0 (Debian 12.2.0-14) 
2024/06/08 17:42:37 [notice] 1#1: OS: Linux 5.10.104-linuxkit
2024/06/08 17:42:37 [notice] 1#1: getrlimit(RLIMIT_NOFILE): 1048576:1048576
2024/06/08 17:42:37 [notice] 1#1: start worker processes
2024/06/08 17:42:37 [notice] 1#1: start worker process 28
2024/06/08 17:42:37 [notice] 1#1: start worker process 29
2024/06/08 17:42:37 [notice] 1#1: start worker process 30
2024/06/08 17:42:37 [notice] 1#1: start worker process 31
2024/06/08 17:42:37 [notice] 1#1: start worker process 32
2024/06/08 17:42:37 [notice] 1#1: start worker process 33
2024/06/08 17:43:09 [notice] 1#1: signal 3 (SIGQUIT) received, shutting down
2024/06/08 17:43:09 [notice] 28#28: gracefully shutting down
2024/06/08 17:43:09 [notice] 28#28: exiting
2024/06/08 17:43:09 [notice] 30#30: gracefully shutting down
2024/06/08 17:43:09 [notice] 30#30: exiting
2024/06/08 17:43:09 [notice] 29#29: gracefully shutting down
2024/06/08 17:43:09 [notice] 29#29: exiting
2024/06/08 17:43:09 [notice] 33#33: gracefully shutting down
2024/06/08 17:43:09 [notice] 33#33: exiting
2024/06/08 17:43:09 [notice] 31#31: gracefully shutting down
2024/06/08 17:43:09 [notice] 32#32: gracefully shutting down
2024/06/08 17:43:09 [notice] 28#28: exit
2024/06/08 17:43:09 [notice] 30#30: exit
2024/06/08 17:43:09 [notice] 29#29: exit
2024/06/08 17:43:09 [notice] 33#33: exit
2024/06/08 17:43:09 [notice] 31#31: exiting
2024/06/08 17:43:09 [notice] 32#32: exiting
2024/06/08 17:43:09 [notice] 31#31: exit
2024/06/08 17:43:09 [notice] 32#32: exit
2024/06/08 17:43:09 [notice] 1#1: signal 17 (SIGCHLD) received from 28
2024/06/08 17:43:09 [notice] 1#1: worker process 28 exited with code 0
2024/06/08 17:43:09 [notice] 1#1: signal 29 (SIGIO) received
2024/06/08 17:43:09 [notice] 1#1: signal 17 (SIGCHLD) received from 29
2024/06/08 17:43:09 [notice] 1#1: worker process 29 exited with code 0
2024/06/08 17:43:09 [notice] 1#1: signal 29 (SIGIO) received
2024/06/08 17:43:09 [notice] 1#1: signal 17 (SIGCHLD) received from 33
2024/06/08 17:43:09 [notice] 1#1: worker process 33 exited with code 0
2024/06/08 17:43:09 [notice] 1#1: signal 29 (SIGIO) received
2024/06/08 17:43:09 [notice] 1#1: signal 17 (SIGCHLD) received from 30
2024/06/08 17:43:09 [notice] 1#1: worker process 30 exited with code 0
2024/06/08 17:43:09 [notice] 1#1: worker process 31 exited with code 0
2024/06/08 17:43:09 [notice] 1#1: worker process 32 exited with code 0
2024/06/08 17:43:09 [notice] 1#1: exit
2024/06/08 17:43:09 [notice] 1#1: using the "epoll" event method
2024/06/08 17:43:09 [notice] 1#1: nginx/1.27.0
2024/06/08 17:43:09 [notice] 1#1: built by gcc 12.2.0 (Debian 12.2.0-14) 
2024/06/08 17:43:09 [notice] 1#1: OS: Linux 5.10.104-linuxkit
2024/06/08 17:43:09 [notice] 1#1: getrlimit(RLIMIT_NOFILE): 1048576:1048576
2024/06/08 17:43:09 [notice] 1#1: start worker processes
2024/06/08 17:43:09 [notice] 1#1: start worker process 28
2024/06/08 17:43:09 [notice] 1#1: start worker process 29
2024/06/08 17:43:09 [notice] 1#1: start worker process 30
2024/06/08 17:43:09 [notice] 1#1: start worker process 31
2024/06/08 17:43:09 [notice] 1#1: start worker process 32
2024/06/08 17:43:09 [notice] 1#1: start worker process 33
2024/06/08 18:00:38 [notice] 1#1: signal 3 (SIGQUIT) received, shutting down
2024/06/08 18:00:38 [notice] 28#28: gracefully shutting down
2024/06/08 18:00:38 [notice] 29#29: gracefully shutting down
2024/06/08 18:00:38 [notice] 33#33: gracefully shutting down
2024/06/08 18:00:38 [notice] 32#32: gracefully shutting down
2024/06/08 18:00:38 [notice] 32#32: exiting
2024/06/08 18:00:38 [notice] 30#30: gracefully shutting down
2024/06/08 18:00:38 [notice] 30#30: exiting
2024/06/08 18:00:38 [notice] 31#31: gracefully shutting down
2024/06/08 18:00:38 [notice] 31#31: exiting
2024/06/08 18:00:38 [notice] 28#28: exiting
2024/06/08 18:00:38 [notice] 28#28: exit
2024/06/08 18:00:38 [notice] 29#29: exiting
2024/06/08 18:00:38 [notice] 33#33: exiting
2024/06/08 18:00:38 [notice] 32#32: exit
2024/06/08 18:00:38 [notice] 30#30: exit
2024/06/08 18:00:38 [notice] 31#31: exit
2024/06/08 18:00:38 [notice] 29#29: exit
2024/06/08 18:00:38 [notice] 33#33: exit
2024/06/08 18:00:38 [notice] 1#1: signal 17 (SIGCHLD) received from 28
2024/06/08 18:00:38 [notice] 1#1: worker process 28 exited with code 0
2024/06/08 18:00:38 [notice] 1#1: worker process 32 exited with code 0
2024/06/08 18:00:38 [notice] 1#1: signal 29 (SIGIO) received
2024/06/08 18:00:38 [notice] 1#1: signal 17 (SIGCHLD) received from 33
2024/06/08 18:00:38 [notice] 1#1: worker process 29 exited with code 0
2024/06/08 18:00:38 [notice] 1#1: worker process 30 exited with code 0
2024/06/08 18:00:38 [notice] 1#1: worker process 31 exited with code 0
2024/06/08 18:00:38 [notice] 1#1: worker process 33 exited with code 0
2024/06/08 18:00:38 [notice] 1#1: exit
2024/06/08 18:01:03 [notice] 1#1: using the "epoll" event method
2024/06/08 18:01:03 [notice] 1#1: nginx/1.27.0
2024/06/08 18:01:03 [notice] 1#1: built by gcc 12.2.0 (Debian 12.2.0-14) 
2024/06/08 18:01:03 [notice] 1#1: OS: Linux 5.10.104-linuxkit
2024/06/08 18:01:03 [notice] 1#1: getrlimit(RLIMIT_NOFILE): 1048576:1048576
2024/06/08 18:01:03 [notice] 1#1: start worker processes
2024/06/08 18:01:03 [notice] 1#1: start worker process 28
2024/06/08 18:01:03 [notice] 1#1: start worker process 29
2024/06/08 18:01:03 [notice] 1#1: start worker process 30
2024/06/08 18:01:03 [notice] 1#1: start worker process 31
2024/06/08 18:01:03 [notice] 1#1: start worker process 32
2024/06/08 18:01:03 [notice] 1#1: start worker process 33
2024/06/08 18:07:35 [notice] 1#1: signal 3 (SIGQUIT) received, shutting down
2024/06/08 18:07:35 [notice] 28#28: gracefully shutting down
2024/06/08 18:07:35 [notice] 28#28: exiting
2024/06/08 18:07:35 [notice] 32#32: gracefully shutting down
2024/06/08 18:07:35 [notice] 32#32: exiting
2024/06/08 18:07:35 [notice] 29#29: gracefully shutting down
2024/06/08 18:07:35 [notice] 29#29: exiting
2024/06/08 18:07:35 [notice] 30#30: gracefully shutting down
2024/06/08 18:07:35 [notice] 30#30: exiting
2024/06/08 18:07:35 [notice] 31#31: gracefully shutting down
2024/06/08 18:07:35 [notice] 31#31: exiting
2024/06/08 18:07:35 [notice] 33#33: gracefully shutting down
2024/06/08 18:07:35 [notice] 28#28: exit
2024/06/08 18:07:35 [notice] 32#32: exit
2024/06/08 18:07:35 [notice] 29#29: exit
2024/06/08 18:07:35 [notice] 30#30: exit
2024/06/08 18:07:35 [notice] 31#31: exit
2024/06/08 18:07:35 [notice] 33#33: exiting
2024/06/08 18:07:35 [notice] 33#33: exit
2024/06/08 18:07:35 [notice] 1#1: signal 17 (SIGCHLD) received from 28
2024/06/08 18:07:35 [notice] 1#1: worker process 28 exited with code 0
2024/06/08 18:07:35 [notice] 1#1: signal 29 (SIGIO) received
2024/06/08 18:07:35 [notice] 1#1: signal 17 (SIGCHLD) received from 32
2024/06/08 18:07:35 [notice] 1#1: worker process 32 exited with code 0
2024/06/08 18:07:35 [notice] 1#1: signal 29 (SIGIO) received
2024/06/08 18:07:35 [notice] 1#1: signal 17 (SIGCHLD) received from 30
2024/06/08 18:07:35 [notice] 1#1: worker process 29 exited with code 0
2024/06/08 18:07:35 [notice] 1#1: worker process 30 exited with code 0
2024/06/08 18:07:35 [notice] 1#1: signal 29 (SIGIO) received
2024/06/08 18:07:35 [notice] 1#1: signal 17 (SIGCHLD) received from 29
2024/06/08 18:07:35 [notice] 1#1: signal 17 (SIGCHLD) received from 31
2024/06/08 18:07:35 [notice] 1#1: worker process 31 exited with code 0
2024/06/08 18:07:35 [notice] 1#1: signal 29 (SIGIO) received
2024/06/08 18:07:35 [notice] 1#1: signal 17 (SIGCHLD) received from 33
2024/06/08 18:07:35 [notice] 1#1: worker process 33 exited with code 0
2024/06/08 18:07:35 [notice] 1#1: exit
2024/06/08 18:07:40 [notice] 1#1: using the "epoll" event method
2024/06/08 18:07:40 [notice] 1#1: nginx/1.27.0
2024/06/08 18:07:40 [notice] 1#1: built by gcc 12.2.0 (Debian 12.2.0-14) 
2024/06/08 18:07:40 [notice] 1#1: OS: Linux 5.10.104-linuxkit
2024/06/08 18:07:40 [notice] 1#1: getrlimit(RLIMIT_NOFILE): 1048576:1048576
2024/06/08 18:07:40 [notice] 1#1: start worker processes
2024/06/08 18:07:40 [notice] 1#1: start worker process 28
2024/06/08 18:07:40 [notice] 1#1: start worker process 29
2024/06/08 18:07:40 [notice] 1#1: start worker process 30
2024/06/08 18:07:40 [notice] 1#1: start worker process 31
2024/06/08 18:07:40 [notice] 1#1: start worker process 32
2024/06/08 18:07:40 [notice] 1#1: start worker process 33
2024/06/08 18:12:01 [notice] 1#1: signal 3 (SIGQUIT) received, shutting down
2024/06/08 18:12:01 [notice] 28#28: gracefully shutting down
2024/06/08 18:12:01 [notice] 31#31: gracefully shutting down
2024/06/08 18:12:01 [notice] 30#30: gracefully shutting down
2024/06/08 18:12:01 [notice] 30#30: exiting
2024/06/08 18:12:01 [notice] 32#32: gracefully shutting down
2024/06/08 18:12:01 [notice] 29#29: gracefully shutting down
2024/06/08 18:12:01 [notice] 33#33: gracefully shutting down
2024/06/08 18:12:01 [notice] 28#28: exiting
2024/06/08 18:12:01 [notice] 31#31: exiting
2024/06/08 18:12:01 [notice] 30#30: exit
2024/06/08 18:12:01 [notice] 32#32: exiting
2024/06/08 18:12:01 [notice] 29#29: exiting
2024/06/08 18:12:01 [notice] 33#33: exiting
2024/06/08 18:12:01 [notice] 28#28: exit
2024/06/08 18:12:01 [notice] 31#31: exit
2024/06/08 18:12:01 [notice] 32#32: exit
2024/06/08 18:12:01 [notice] 29#29: exit
2024/06/08 18:12:01 [notice] 33#33: exit
2024/06/08 18:12:01 [notice] 1#1: signal 17 (SIGCHLD) received from 30
2024/06/08 18:12:01 [notice] 1#1: worker process 30 exited with code 0
2024/06/08 18:12:01 [notice] 1#1: worker process 31 exited with code 0
2024/06/08 18:12:01 [notice] 1#1: worker process 28 exited with code 0
2024/06/08 18:12:01 [notice] 1#1: signal 29 (SIGIO) received
2024/06/08 18:12:01 [notice] 1#1: signal 17 (SIGCHLD) received from 31
2024/06/08 18:12:01 [notice] 1#1: worker process 32 exited with code 0
2024/06/08 18:12:01 [notice] 1#1: signal 29 (SIGIO) received
2024/06/08 18:12:01 [notice] 1#1: signal 17 (SIGCHLD) received from 33
2024/06/08 18:12:01 [notice] 1#1: worker process 33 exited with code 0
2024/06/08 18:12:01 [notice] 1#1: signal 29 (SIGIO) received
2024/06/08 18:12:01 [notice] 1#1: signal 17 (SIGCHLD) received from 29
2024/06/08 18:12:01 [notice] 1#1: worker process 29 exited with code 0
2024/06/08 18:12:01 [notice] 1#1: exit
2024/06/08 18:12:08 [notice] 1#1: using the "epoll" event method
2024/06/08 18:12:08 [notice] 1#1: nginx/1.27.0
2024/06/08 18:12:08 [notice] 1#1: built by gcc 12.2.0 (Debian 12.2.0-14) 
2024/06/08 18:12:08 [notice] 1#1: OS: Linux 5.10.104-linuxkit
2024/06/08 18:12:08 [notice] 1#1: getrlimit(RLIMIT_NOFILE): 1048576:1048576
2024/06/08 18:12:08 [notice] 1#1: start worker processes
2024/06/08 18:12:08 [notice] 1#1: start worker process 28
2024/06/08 18:12:08 [notice] 1#1: start worker process 29
2024/06/08 18:12:08 [notice] 1#1: start worker process 30
2024/06/08 18:12:08 [notice] 1#1: start worker process 31
2024/06/08 18:12:08 [notice] 1#1: start worker process 32
2024/06/08 18:12:08 [notice] 1#1: start worker process 33
2024/06/08 18:20:42 [notice] 1#1: signal 3 (SIGQUIT) received, shutting down
2024/06/08 18:20:42 [notice] 28#28: gracefully shutting down
2024/06/08 18:20:42 [notice] 28#28: exiting
2024/06/08 18:20:42 [notice] 29#29: gracefully shutting down
2024/06/08 18:20:42 [notice] 29#29: exiting
2024/06/08 18:20:42 [notice] 30#30: gracefully shutting down
2024/06/08 18:20:42 [notice] 31#31: gracefully shutting down
2024/06/08 18:20:42 [notice] 32#32: gracefully shutting down
2024/06/08 18:20:42 [notice] 33#33: gracefully shutting down
2024/06/08 18:20:42 [notice] 33#33: exiting
2024/06/08 18:20:42 [notice] 28#28: exit
2024/06/08 18:20:42 [notice] 29#29: exit
2024/06/08 18:20:42 [notice] 30#30: exiting
2024/06/08 18:20:42 [notice] 31#31: exiting
2024/06/08 18:20:42 [notice] 32#32: exiting
2024/06/08 18:20:42 [notice] 33#33: exit
2024/06/08 18:20:42 [notice] 30#30: exit
2024/06/08 18:20:42 [notice] 31#31: exit
2024/06/08 18:20:42 [notice] 32#32: exit
2024/06/08 18:20:42 [notice] 1#1: signal 17 (SIGCHLD) received from 29
2024/06/08 18:20:42 [notice] 1#1: worker process 28 exited with code 0
2024/06/08 18:20:42 [notice] 1#1: worker process 29 exited with code 0
2024/06/08 18:20:42 [notice] 1#1: signal 29 (SIGIO) received
2024/06/08 18:20:42 [notice] 1#1: signal 17 (SIGCHLD) received from 30
2024/06/08 18:20:42 [notice] 1#1: worker process 30 exited with code 0
2024/06/08 18:20:42 [notice] 1#1: worker process 31 exited with code 0
2024/06/08 18:20:42 [notice] 1#1: signal 29 (SIGIO) received
2024/06/08 18:20:42 [notice] 1#1: signal 17 (SIGCHLD) received from 33
2024/06/08 18:20:42 [notice] 1#1: worker process 33 exited with code 0
2024/06/08 18:20:42 [notice] 1#1: worker process 32 exited with code 0
2024/06/08 18:20:42 [notice] 1#1: signal 17 (SIGCHLD) received from 32
2024/06/08 18:20:42 [notice] 1#1: exit
2024/06/08 18:23:00 [notice] 1#1: using the "epoll" event method
2024/06/08 18:23:00 [notice] 1#1: nginx/1.27.0
2024/06/08 18:23:00 [notice] 1#1: built by gcc 12.2.0 (Debian 12.2.0-14) 
2024/06/08 18:23:00 [notice] 1#1: OS: Linux 5.10.104-linuxkit
2024/06/08 18:23:00 [notice] 1#1: getrlimit(RLIMIT_NOFILE): 1048576:1048576
2024/06/08 18:23:00 [notice] 1#1: start worker processes
2024/06/08 18:23:00 [notice] 1#1: start worker process 28
2024/06/08 18:23:00 [notice] 1#1: start worker process 29
2024/06/08 18:23:00 [notice] 1#1: start worker process 30
2024/06/08 18:23:00 [notice] 1#1: start worker process 31
2024/06/08 18:23:00 [notice] 1#1: start worker process 32
2024/06/08 18:23:00 [notice] 1#1: start worker process 33
2024/06/08 18:24:37 [notice] 1#1: signal 3 (SIGQUIT) received, shutting down
2024/06/08 18:24:37 [notice] 28#28: gracefully shutting down
2024/06/08 18:24:37 [notice] 31#31: gracefully shutting down
2024/06/08 18:24:37 [notice] 31#31: exiting
2024/06/08 18:24:37 [notice] 32#32: gracefully shutting down
2024/06/08 18:24:37 [notice] 30#30: gracefully shutting down
2024/06/08 18:24:37 [notice] 30#30: exiting
2024/06/08 18:24:37 [notice] 33#33: gracefully shutting down
2024/06/08 18:24:37 [notice] 29#29: gracefully shutting down
2024/06/08 18:24:37 [notice] 28#28: exiting
2024/06/08 18:24:37 [notice] 31#31: exit
2024/06/08 18:24:37 [notice] 32#32: exiting
2024/06/08 18:24:37 [notice] 30#30: exit
2024/06/08 18:24:37 [notice] 33#33: exiting
2024/06/08 18:24:37 [notice] 29#29: exiting
2024/06/08 18:24:37 [notice] 28#28: exit
2024/06/08 18:24:37 [notice] 32#32: exit
2024/06/08 18:24:37 [notice] 33#33: exit
2024/06/08 18:24:37 [notice] 29#29: exit
2024/06/08 18:24:37 [notice] 1#1: signal 17 (SIGCHLD) received from 31
2024/06/08 18:24:37 [notice] 1#1: worker process 31 exited with code 0
2024/06/08 18:24:38 [notice] 1#1: signal 29 (SIGIO) received
2024/06/08 18:24:38 [notice] 1#1: signal 17 (SIGCHLD) received from 30
2024/06/08 18:24:38 [notice] 1#1: worker process 28 exited with code 0
2024/06/08 18:24:38 [notice] 1#1: worker process 30 exited with code 0
2024/06/08 18:24:38 [notice] 1#1: worker process 33 exited with code 0
2024/06/08 18:24:38 [notice] 1#1: signal 17 (SIGCHLD) received from 28
2024/06/08 18:24:38 [notice] 1#1: signal 17 (SIGCHLD) received from 29
2024/06/08 18:24:38 [notice] 1#1: worker process 29 exited with code 0
2024/06/08 18:24:38 [notice] 1#1: worker process 32 exited with code 0
2024/06/08 18:24:38 [notice] 1#1: exit
2024/06/08 18:24:40 [notice] 1#1: using the "epoll" event method
2024/06/08 18:24:40 [notice] 1#1: nginx/1.27.0
2024/06/08 18:24:40 [notice] 1#1: built by gcc 12.2.0 (Debian 12.2.0-14) 
2024/06/08 18:24:40 [notice] 1#1: OS: Linux 5.10.104-linuxkit
2024/06/08 18:24:40 [notice] 1#1: getrlimit(RLIMIT_NOFILE): 1048576:1048576
2024/06/08 18:24:40 [notice] 1#1: start worker processes
2024/06/08 18:24:40 [notice] 1#1: start worker process 28
2024/06/08 18:24:40 [notice] 1#1: start worker process 29
2024/06/08 18:24:40 [notice] 1#1: start worker process 30
2024/06/08 18:24:40 [notice] 1#1: start worker process 31
2024/06/08 18:24:40 [notice] 1#1: start worker process 32
2024/06/08 18:24:40 [notice] 1#1: start worker process 33
2024/06/08 18:26:53 [notice] 1#1: signal 3 (SIGQUIT) received, shutting down
2024/06/08 18:26:53 [notice] 28#28: gracefully shutting down
2024/06/08 18:26:53 [notice] 28#28: exiting
2024/06/08 18:26:53 [notice] 29#29: gracefully shutting down
2024/06/08 18:26:53 [notice] 31#31: gracefully shutting down
2024/06/08 18:26:53 [notice] 30#30: gracefully shutting down
2024/06/08 18:26:53 [notice] 30#30: exiting
2024/06/08 18:26:53 [notice] 32#32: gracefully shutting down
2024/06/08 18:26:53 [notice] 32#32: exiting
2024/06/08 18:26:53 [notice] 33#33: gracefully shutting down
2024/06/08 18:26:53 [notice] 33#33: exiting
2024/06/08 18:26:53 [notice] 28#28: exit
2024/06/08 18:26:53 [notice] 29#29: exiting
2024/06/08 18:26:53 [notice] 31#31: exiting
2024/06/08 18:26:53 [notice] 30#30: exit
2024/06/08 18:26:53 [notice] 32#32: exit
2024/06/08 18:26:53 [notice] 33#33: exit
2024/06/08 18:26:53 [notice] 29#29: exit
2024/06/08 18:26:53 [notice] 31#31: exit
2024/06/08 18:26:53 [notice] 1#1: signal 17 (SIGCHLD) received from 30
2024/06/08 18:26:53 [notice] 1#1: worker process 30 exited with code 0
2024/06/08 18:26:53 [notice] 1#1: signal 29 (SIGIO) received
2024/06/08 18:26:53 [notice] 1#1: signal 17 (SIGCHLD) received from 28
2024/06/08 18:26:53 [notice] 1#1: worker process 28 exited with code 0
2024/06/08 18:26:53 [notice] 1#1: worker process 32 exited with code 0
2024/06/08 18:26:53 [notice] 1#1: worker process 33 exited with code 0
2024/06/08 18:26:53 [notice] 1#1: signal 29 (SIGIO) received
2024/06/08 18:26:53 [notice] 1#1: signal 17 (SIGCHLD) received from 33
2024/06/08 18:26:53 [notice] 1#1: worker process 31 exited with code 0
2024/06/08 18:26:53 [notice] 1#1: signal 17 (SIGCHLD) received from 31
2024/06/08 18:26:53 [notice] 1#1: worker process 29 exited with code 0
2024/06/08 18:26:53 [notice] 1#1: exit
2024/06/08 18:26:57 [notice] 1#1: using the "epoll" event method
2024/06/08 18:26:57 [notice] 1#1: nginx/1.27.0
2024/06/08 18:26:57 [notice] 1#1: built by gcc 12.2.0 (Debian 12.2.0-14) 
2024/06/08 18:26:57 [notice] 1#1: OS: Linux 5.10.104-linuxkit
2024/06/08 18:26:57 [notice] 1#1: getrlimit(RLIMIT_NOFILE): 1048576:1048576
2024/06/08 18:26:57 [notice] 1#1: start worker processes
2024/06/08 18:26:57 [notice] 1#1: start worker process 28
2024/06/08 18:26:57 [notice] 1#1: start worker process 29
2024/06/08 18:26:57 [notice] 1#1: start worker process 30
2024/06/08 18:26:57 [notice] 1#1: start worker process 31
2024/06/08 18:26:57 [notice] 1#1: start worker process 32
2024/06/08 18:26:57 [notice] 1#1: start worker process 33
2024/06/08 18:28:30 [notice] 1#1: signal 3 (SIGQUIT) received, shutting down
2024/06/08 18:28:30 [notice] 28#28: gracefully shutting down
2024/06/08 18:28:30 [notice] 28#28: exiting
2024/06/08 18:28:30 [notice] 29#29: gracefully shutting down
2024/06/08 18:28:30 [notice] 31#31: gracefully shutting down
2024/06/08 18:28:30 [notice] 31#31: exiting
2024/06/08 18:28:30 [notice] 30#30: gracefully shutting down
2024/06/08 18:28:30 [notice] 33#33: gracefully shutting down
2024/06/08 18:28:30 [notice] 33#33: exiting
2024/06/08 18:28:30 [notice] 32#32: gracefully shutting down
2024/06/08 18:28:30 [notice] 28#28: exit
2024/06/08 18:28:30 [notice] 29#29: exiting
2024/06/08 18:28:30 [notice] 29#29: exit
2024/06/08 18:28:30 [notice] 31#31: exit
2024/06/08 18:28:30 [notice] 30#30: exiting
2024/06/08 18:28:30 [notice] 30#30: exit
2024/06/08 18:28:30 [notice] 33#33: exit
2024/06/08 18:28:30 [notice] 32#32: exiting
2024/06/08 18:28:30 [notice] 32#32: exit
2024/06/08 18:28:30 [notice] 1#1: signal 17 (SIGCHLD) received from 28
2024/06/08 18:28:30 [notice] 1#1: worker process 28 exited with code 0
2024/06/08 18:28:30 [notice] 1#1: signal 29 (SIGIO) received
2024/06/08 18:28:30 [notice] 1#1: signal 17 (SIGCHLD) received from 29
2024/06/08 18:28:30 [notice] 1#1: worker process 29 exited with code 0
2024/06/08 18:28:30 [notice] 1#1: worker process 31 exited with code 0
2024/06/08 18:28:30 [notice] 1#1: worker process 33 exited with code 0
2024/06/08 18:28:30 [notice] 1#1: signal 29 (SIGIO) received
2024/06/08 18:28:30 [notice] 1#1: signal 17 (SIGCHLD) received from 31
2024/06/08 18:28:30 [notice] 1#1: worker process 32 exited with code 0
2024/06/08 18:28:30 [notice] 1#1: signal 29 (SIGIO) received
2024/06/08 18:28:30 [notice] 1#1: signal 17 (SIGCHLD) received from 30
2024/06/08 18:28:30 [notice] 1#1: worker process 30 exited with code 0
2024/06/08 18:28:30 [notice] 1#1: exit
2024/06/08 18:28:32 [notice] 1#1: using the "epoll" event method
2024/06/08 18:28:32 [notice] 1#1: nginx/1.27.0
2024/06/08 18:28:32 [notice] 1#1: built by gcc 12.2.0 (Debian 12.2.0-14) 
2024/06/08 18:28:32 [notice] 1#1: OS: Linux 5.10.104-linuxkit
2024/06/08 18:28:32 [notice] 1#1: getrlimit(RLIMIT_NOFILE): 1048576:1048576
2024/06/08 18:28:32 [notice] 1#1: start worker processes
2024/06/08 18:28:32 [notice] 1#1: start worker process 28
2024/06/08 18:28:32 [notice] 1#1: start worker process 29
2024/06/08 18:28:32 [notice] 1#1: start worker process 30
2024/06/08 18:28:32 [notice] 1#1: start worker process 31
2024/06/08 18:28:32 [notice] 1#1: start worker process 32
2024/06/08 18:28:32 [notice] 1#1: start worker process 33
2024/06/08 18:33:41 [notice] 1#1: signal 3 (SIGQUIT) received, shutting down
2024/06/08 18:33:41 [notice] 28#28: gracefully shutting down
2024/06/08 18:33:41 [notice] 29#29: gracefully shutting down
2024/06/08 18:33:41 [notice] 31#31: gracefully shutting down
2024/06/08 18:33:41 [notice] 30#30: gracefully shutting down
2024/06/08 18:33:41 [notice] 30#30: exiting
2024/06/08 18:33:41 [notice] 33#33: gracefully shutting down
2024/06/08 18:33:41 [notice] 32#32: gracefully shutting down
2024/06/08 18:33:41 [notice] 28#28: exiting
2024/06/08 18:33:41 [notice] 28#28: exit
2024/06/08 18:33:41 [notice] 29#29: exiting
2024/06/08 18:33:41 [notice] 31#31: exiting
2024/06/08 18:33:41 [notice] 31#31: exit
2024/06/08 18:33:41 [notice] 30#30: exit
2024/06/08 18:33:41 [notice] 33#33: exiting
2024/06/08 18:33:41 [notice] 32#32: exiting
2024/06/08 18:33:41 [notice] 29#29: exit
2024/06/08 18:33:41 [notice] 33#33: exit
2024/06/08 18:33:41 [notice] 32#32: exit
2024/06/08 18:33:41 [notice] 1#1: signal 17 (SIGCHLD) received from 28
2024/06/08 18:33:41 [notice] 1#1: worker process 28 exited with code 0
2024/06/08 18:33:41 [notice] 1#1: worker process 31 exited with code 0
2024/06/08 18:33:41 [notice] 1#1: signal 29 (SIGIO) received
2024/06/08 18:33:41 [notice] 1#1: signal 17 (SIGCHLD) received from 30
2024/06/08 18:33:41 [notice] 1#1: worker process 30 exited with code 0
2024/06/08 18:33:41 [notice] 1#1: signal 29 (SIGIO) received
2024/06/08 18:33:41 [notice] 1#1: signal 17 (SIGCHLD) received from 32
2024/06/08 18:33:41 [notice] 1#1: worker process 29 exited with code 0
2024/06/08 18:33:41 [notice] 1#1: worker process 32 exited with code 0
2024/06/08 18:33:41 [notice] 1#1: signal 29 (SIGIO) received
2024/06/08 18:33:41 [notice] 1#1: signal 17 (SIGCHLD) received from 33
2024/06/08 18:33:41 [notice] 1#1: worker process 33 exited with code 0
2024/06/08 18:33:41 [notice] 1#1: exit
2024/06/08 18:33:47 [notice] 1#1: using the "epoll" event method
2024/06/08 18:33:47 [notice] 1#1: nginx/1.27.0
2024/06/08 18:33:47 [notice] 1#1: built by gcc 12.2.0 (Debian 12.2.0-14) 
2024/06/08 18:33:47 [notice] 1#1: OS: Linux 5.10.104-linuxkit
2024/06/08 18:33:47 [notice] 1#1: getrlimit(RLIMIT_NOFILE): 1048576:1048576
2024/06/08 18:33:47 [notice] 1#1: start worker processes
2024/06/08 18:33:47 [notice] 1#1: start worker process 29
2024/06/08 18:33:47 [notice] 1#1: start worker process 30
2024/06/08 18:33:47 [notice] 1#1: start worker process 31
2024/06/08 18:33:47 [notice] 1#1: start worker process 32
2024/06/08 18:33:47 [notice] 1#1: start worker process 33
2024/06/08 18:33:47 [notice] 1#1: start worker process 34
2024/06/08 18:36:15 [notice] 1#1: signal 3 (SIGQUIT) received, shutting down
2024/06/08 18:36:15 [notice] 30#30: gracefully shutting down
2024/06/08 18:36:15 [notice] 30#30: exiting
2024/06/08 18:36:15 [notice] 31#31: gracefully shutting down
2024/06/08 18:36:15 [notice] 33#33: gracefully shutting down
2024/06/08 18:36:15 [notice] 33#33: exiting
2024/06/08 18:36:15 [notice] 32#32: gracefully shutting down
2024/06/08 18:36:15 [notice] 32#32: exiting
2024/06/08 18:36:15 [notice] 29#29: gracefully shutting down
2024/06/08 18:36:15 [notice] 29#29: exiting
2024/06/08 18:36:15 [notice] 34#34: gracefully shutting down
2024/06/08 18:36:15 [notice] 30#30: exit
2024/06/08 18:36:15 [notice] 31#31: exiting
2024/06/08 18:36:15 [notice] 33#33: exit
2024/06/08 18:36:15 [notice] 32#32: exit
2024/06/08 18:36:15 [notice] 29#29: exit
2024/06/08 18:36:15 [notice] 34#34: exiting
2024/06/08 18:36:15 [notice] 31#31: exit
2024/06/08 18:36:15 [notice] 34#34: exit
2024/06/08 18:36:15 [notice] 1#1: signal 17 (SIGCHLD) received from 30
2024/06/08 18:36:15 [notice] 1#1: worker process 30 exited with code 0
2024/06/08 18:36:15 [notice] 1#1: signal 29 (SIGIO) received
2024/06/08 18:36:15 [notice] 1#1: signal 17 (SIGCHLD) received from 31
2024/06/08 18:36:15 [notice] 1#1: worker process 31 exited with code 0
2024/06/08 18:36:15 [notice] 1#1: worker process 32 exited with code 0
2024/06/08 18:36:15 [notice] 1#1: signal 29 (SIGIO) received
2024/06/08 18:36:15 [notice] 1#1: signal 17 (SIGCHLD) received from 29
2024/06/08 18:36:15 [notice] 1#1: worker process 29 exited with code 0
2024/06/08 18:36:15 [notice] 1#1: signal 29 (SIGIO) received
2024/06/08 18:36:15 [notice] 1#1: signal 17 (SIGCHLD) received from 33
2024/06/08 18:36:15 [notice] 1#1: worker process 33 exited with code 0
2024/06/08 18:36:15 [notice] 1#1: signal 29 (SIGIO) received
2024/06/08 18:36:15 [notice] 1#1: signal 17 (SIGCHLD) received from 34
2024/06/08 18:36:15 [notice] 1#1: worker process 34 exited with code 0
2024/06/08 18:36:15 [notice] 1#1: exit
2024/06/08 18:36:28 [notice] 1#1: using the "epoll" event method
2024/06/08 18:36:28 [notice] 1#1: nginx/1.27.0
2024/06/08 18:36:28 [notice] 1#1: built by gcc 12.2.0 (Debian 12.2.0-14) 
2024/06/08 18:36:28 [notice] 1#1: OS: Linux 5.10.104-linuxkit
2024/06/08 18:36:28 [notice] 1#1: getrlimit(RLIMIT_NOFILE): 1048576:1048576
2024/06/08 18:36:28 [notice] 1#1: start worker processes
2024/06/08 18:36:28 [notice] 1#1: start worker process 28
2024/06/08 18:36:28 [notice] 1#1: start worker process 29
2024/06/08 18:36:28 [notice] 1#1: start worker process 30
2024/06/08 18:36:28 [notice] 1#1: start worker process 31
2024/06/08 18:36:28 [notice] 1#1: start worker process 32
2024/06/08 18:36:28 [notice] 1#1: start worker process 33
2024/06/08 18:37:51 [notice] 1#1: signal 3 (SIGQUIT) received, shutting down
2024/06/08 18:37:51 [notice] 28#28: gracefully shutting down
2024/06/08 18:37:51 [notice] 30#30: gracefully shutting down
2024/06/08 18:37:51 [notice] 29#29: gracefully shutting down
2024/06/08 18:37:51 [notice] 33#33: gracefully shutting down
2024/06/08 18:37:51 [notice] 31#31: gracefully shutting down
2024/06/08 18:37:51 [notice] 31#31: exiting
2024/06/08 18:37:51 [notice] 32#32: gracefully shutting down
2024/06/08 18:37:51 [notice] 32#32: exiting
2024/06/08 18:37:51 [notice] 28#28: exiting
2024/06/08 18:37:51 [notice] 30#30: exiting
2024/06/08 18:37:51 [notice] 29#29: exiting
2024/06/08 18:37:51 [notice] 33#33: exiting
2024/06/08 18:37:51 [notice] 31#31: exit
2024/06/08 18:37:51 [notice] 32#32: exit
2024/06/08 18:37:51 [notice] 28#28: exit
2024/06/08 18:37:51 [notice] 30#30: exit
2024/06/08 18:37:51 [notice] 29#29: exit
2024/06/08 18:37:51 [notice] 33#33: exit
2024/06/08 18:37:51 [notice] 1#1: signal 17 (SIGCHLD) received from 30
2024/06/08 18:37:51 [notice] 1#1: worker process 30 exited with code 0
2024/06/08 18:37:51 [notice] 1#1: signal 29 (SIGIO) received
2024/06/08 18:37:51 [notice] 1#1: signal 17 (SIGCHLD) received from 29
2024/06/08 18:37:51 [notice] 1#1: worker process 28 exited with code 0
2024/06/08 18:37:51 [notice] 1#1: worker process 29 exited with code 0
2024/06/08 18:37:51 [notice] 1#1: worker process 31 exited with code 0
2024/06/08 18:37:51 [notice] 1#1: worker process 32 exited with code 0
2024/06/08 18:37:51 [notice] 1#1: worker process 33 exited with code 0
2024/06/08 18:37:51 [notice] 1#1: exit
2024/06/08 18:37:56 [notice] 1#1: using the "epoll" event method
2024/06/08 18:37:56 [notice] 1#1: nginx/1.27.0
2024/06/08 18:37:56 [notice] 1#1: built by gcc 12.2.0 (Debian 12.2.0-14) 
2024/06/08 18:37:56 [notice] 1#1: OS: Linux 5.10.104-linuxkit
2024/06/08 18:37:56 [notice] 1#1: getrlimit(RLIMIT_NOFILE): 1048576:1048576
2024/06/08 18:37:56 [notice] 1#1: start worker processes
2024/06/08 18:37:56 [notice] 1#1: start worker process 28
2024/06/08 18:37:56 [notice] 1#1: start worker process 29
2024/06/08 18:37:56 [notice] 1#1: start worker process 30
2024/06/08 18:37:56 [notice] 1#1: start worker process 31
2024/06/08 18:37:56 [notice] 1#1: start worker process 32
2024/06/08 18:37:56 [notice] 1#1: start worker process 33
2024/06/08 18:39:10 [notice] 1#1: signal 3 (SIGQUIT) received, shutting down
2024/06/08 18:39:10 [notice] 28#28: gracefully shutting down
2024/06/08 18:39:10 [notice] 29#29: gracefully shutting down
2024/06/08 18:39:10 [notice] 29#29: exiting
2024/06/08 18:39:10 [notice] 30#30: gracefully shutting down
2024/06/08 18:39:10 [notice] 31#31: gracefully shutting down
2024/06/08 18:39:10 [notice] 32#32: gracefully shutting down
2024/06/08 18:39:10 [notice] 33#33: gracefully shutting down
2024/06/08 18:39:10 [notice] 33#33: exiting
2024/06/08 18:39:10 [notice] 28#28: exiting
2024/06/08 18:39:10 [notice] 29#29: exit
2024/06/08 18:39:10 [notice] 30#30: exiting
2024/06/08 18:39:10 [notice] 31#31: exiting
2024/06/08 18:39:10 [notice] 32#32: exiting
2024/06/08 18:39:10 [notice] 33#33: exit
2024/06/08 18:39:10 [notice] 28#28: exit
2024/06/08 18:39:10 [notice] 30#30: exit
2024/06/08 18:39:10 [notice] 31#31: exit
2024/06/08 18:39:10 [notice] 32#32: exit
2024/06/08 18:39:10 [notice] 1#1: signal 17 (SIGCHLD) received from 29
2024/06/08 18:39:10 [notice] 1#1: worker process 29 exited with code 0
2024/06/08 18:39:10 [notice] 1#1: signal 29 (SIGIO) received
2024/06/08 18:39:10 [notice] 1#1: signal 17 (SIGCHLD) received from 33
2024/06/08 18:39:10 [notice] 1#1: worker process 33 exited with code 0
2024/06/08 18:39:10 [notice] 1#1: signal 29 (SIGIO) received
2024/06/08 18:39:10 [notice] 1#1: signal 17 (SIGCHLD) received from 32
2024/06/08 18:39:10 [notice] 1#1: worker process 28 exited with code 0
2024/06/08 18:39:10 [notice] 1#1: worker process 32 exited with code 0
2024/06/08 18:39:10 [notice] 1#1: signal 29 (SIGIO) received
2024/06/08 18:39:10 [notice] 1#1: signal 17 (SIGCHLD) received from 30
2024/06/08 18:39:10 [notice] 1#1: worker process 30 exited with code 0
2024/06/08 18:39:10 [notice] 1#1: worker process 31 exited with code 0
2024/06/08 18:39:10 [notice] 1#1: exit
2024/06/08 18:39:16 [notice] 1#1: using the "epoll" event method
2024/06/08 18:39:16 [notice] 1#1: nginx/1.27.0
2024/06/08 18:39:16 [notice] 1#1: built by gcc 12.2.0 (Debian 12.2.0-14) 
2024/06/08 18:39:16 [notice] 1#1: OS: Linux 5.10.104-linuxkit
2024/06/08 18:39:16 [notice] 1#1: getrlimit(RLIMIT_NOFILE): 1048576:1048576
2024/06/08 18:39:16 [notice] 1#1: start worker processes
2024/06/08 18:39:16 [notice] 1#1: start worker process 28
2024/06/08 18:39:16 [notice] 1#1: start worker process 29
2024/06/08 18:39:16 [notice] 1#1: start worker process 30
2024/06/08 18:39:16 [notice] 1#1: start worker process 31
2024/06/08 18:39:16 [notice] 1#1: start worker process 32
2024/06/08 18:39:16 [notice] 1#1: start worker process 33
2024/06/08 18:40:18 [notice] 1#1: signal 3 (SIGQUIT) received, shutting down
2024/06/08 18:40:18 [notice] 31#31: gracefully shutting down
2024/06/08 18:40:18 [notice] 31#31: exiting
2024/06/08 18:40:18 [notice] 29#29: gracefully shutting down
2024/06/08 18:40:18 [notice] 29#29: exiting
2024/06/08 18:40:18 [notice] 30#30: gracefully shutting down
2024/06/08 18:40:18 [notice] 28#28: gracefully shutting down
2024/06/08 18:40:18 [notice] 28#28: exiting
2024/06/08 18:40:18 [notice] 33#33: gracefully shutting down
2024/06/08 18:40:18 [notice] 32#32: gracefully shutting down
2024/06/08 18:40:18 [notice] 31#31: exit
2024/06/08 18:40:18 [notice] 29#29: exit
2024/06/08 18:40:18 [notice] 30#30: exiting
2024/06/08 18:40:18 [notice] 28#28: exit
2024/06/08 18:40:18 [notice] 33#33: exiting
2024/06/08 18:40:18 [notice] 32#32: exiting
2024/06/08 18:40:18 [notice] 30#30: exit
2024/06/08 18:40:18 [notice] 33#33: exit
2024/06/08 18:40:18 [notice] 32#32: exit
2024/06/08 18:40:18 [notice] 1#1: signal 17 (SIGCHLD) received from 31
2024/06/08 18:40:18 [notice] 1#1: worker process 31 exited with code 0
2024/06/08 18:40:18 [notice] 1#1: worker process 29 exited with code 0
2024/06/08 18:40:18 [notice] 1#1: worker process 28 exited with code 0
2024/06/08 18:40:18 [notice] 1#1: worker process 33 exited with code 0
2024/06/08 18:40:18 [notice] 1#1: signal 29 (SIGIO) received
2024/06/08 18:40:18 [notice] 1#1: signal 17 (SIGCHLD) received from 29
2024/06/08 18:40:18 [notice] 1#1: worker process 30 exited with code 0
2024/06/08 18:40:18 [notice] 1#1: worker process 32 exited with code 0
2024/06/08 18:40:18 [notice] 1#1: exit
2024/06/08 18:40:20 [notice] 1#1: using the "epoll" event method
2024/06/08 18:40:20 [notice] 1#1: nginx/1.27.0
2024/06/08 18:40:20 [notice] 1#1: built by gcc 12.2.0 (Debian 12.2.0-14) 
2024/06/08 18:40:20 [notice] 1#1: OS: Linux 5.10.104-linuxkit
2024/06/08 18:40:20 [notice] 1#1: getrlimit(RLIMIT_NOFILE): 1048576:1048576
2024/06/08 18:40:20 [notice] 1#1: start worker processes
2024/06/08 18:40:20 [notice] 1#1: start worker process 28
2024/06/08 18:40:20 [notice] 1#1: start worker process 29
2024/06/08 18:40:20 [notice] 1#1: start worker process 30
2024/06/08 18:40:20 [notice] 1#1: start worker process 31
2024/06/08 18:40:20 [notice] 1#1: start worker process 32
2024/06/08 18:40:20 [notice] 1#1: start worker process 33
2024/06/08 18:41:00 [notice] 1#1: signal 3 (SIGQUIT) received, shutting down
2024/06/08 18:41:00 [notice] 28#28: gracefully shutting down
2024/06/08 18:41:00 [notice] 28#28: exiting
2024/06/08 18:41:00 [notice] 31#31: gracefully shutting down
2024/06/08 18:41:00 [notice] 32#32: gracefully shutting down
2024/06/08 18:41:00 [notice] 32#32: exiting
2024/06/08 18:41:00 [notice] 30#30: gracefully shutting down
2024/06/08 18:41:00 [notice] 30#30: exiting
2024/06/08 18:41:00 [notice] 33#33: gracefully shutting down
2024/06/08 18:41:00 [notice] 33#33: exiting
2024/06/08 18:41:00 [notice] 29#29: gracefully shutting down
2024/06/08 18:41:00 [notice] 28#28: exit
2024/06/08 18:41:00 [notice] 31#31: exiting
2024/06/08 18:41:00 [notice] 31#31: exit
2024/06/08 18:41:00 [notice] 32#32: exit
2024/06/08 18:41:00 [notice] 30#30: exit
2024/06/08 18:41:00 [notice] 33#33: exit
2024/06/08 18:41:00 [notice] 29#29: exiting
2024/06/08 18:41:00 [notice] 29#29: exit
2024/06/08 18:41:00 [notice] 1#1: signal 17 (SIGCHLD) received from 28
2024/06/08 18:41:00 [notice] 1#1: worker process 28 exited with code 0
2024/06/08 18:41:00 [notice] 1#1: signal 29 (SIGIO) received
2024/06/08 18:41:00 [notice] 1#1: signal 17 (SIGCHLD) received from 31
2024/06/08 18:41:00 [notice] 1#1: worker process 31 exited with code 0
2024/06/08 18:41:00 [notice] 1#1: signal 29 (SIGIO) received
2024/06/08 18:41:00 [notice] 1#1: signal 17 (SIGCHLD) received from 32
2024/06/08 18:41:00 [notice] 1#1: worker process 32 exited with code 0
2024/06/08 18:41:00 [notice] 1#1: worker process 33 exited with code 0
2024/06/08 18:41:00 [notice] 1#1: signal 29 (SIGIO) received
2024/06/08 18:41:00 [notice] 1#1: signal 17 (SIGCHLD) received from 33
2024/06/08 18:41:00 [notice] 1#1: worker process 30 exited with code 0
2024/06/08 18:41:00 [notice] 1#1: signal 29 (SIGIO) received
2024/06/08 18:41:00 [notice] 1#1: signal 17 (SIGCHLD) received from 30
2024/06/08 18:41:00 [notice] 1#1: signal 17 (SIGCHLD) received from 29
2024/06/08 18:41:00 [notice] 1#1: worker process 29 exited with code 0
2024/06/08 18:41:00 [notice] 1#1: exit
2024/06/08 18:41:19 [notice] 1#1: using the "epoll" event method
2024/06/08 18:41:19 [notice] 1#1: nginx/1.27.0
2024/06/08 18:41:19 [notice] 1#1: built by gcc 12.2.0 (Debian 12.2.0-14) 
2024/06/08 18:41:19 [notice] 1#1: OS: Linux 5.10.104-linuxkit
2024/06/08 18:41:19 [notice] 1#1: getrlimit(RLIMIT_NOFILE): 1048576:1048576
2024/06/08 18:41:19 [notice] 1#1: start worker processes
2024/06/08 18:41:19 [notice] 1#1: start worker process 28
2024/06/08 18:41:19 [notice] 1#1: start worker process 29
2024/06/08 18:41:19 [notice] 1#1: start worker process 30
2024/06/08 18:41:19 [notice] 1#1: start worker process 31
2024/06/08 18:41:19 [notice] 1#1: start worker process 32
2024/06/08 18:41:19 [notice] 1#1: start worker process 33
2024/06/08 18:42:46 [notice] 1#1: signal 3 (SIGQUIT) received, shutting down
2024/06/08 18:42:46 [notice] 30#30: gracefully shutting down
2024/06/08 18:42:46 [notice] 30#30: exiting
2024/06/08 18:42:46 [notice] 29#29: gracefully shutting down
2024/06/08 18:42:46 [notice] 31#31: gracefully shutting down
2024/06/08 18:42:46 [notice] 32#32: gracefully shutting down
2024/06/08 18:42:46 [notice] 32#32: exiting
2024/06/08 18:42:46 [notice] 33#33: gracefully shutting down
2024/06/08 18:42:46 [notice] 33#33: exiting
2024/06/08 18:42:46 [notice] 28#28: gracefully shutting down
2024/06/08 18:42:46 [notice] 28#28: exiting
2024/06/08 18:42:46 [notice] 30#30: exit
2024/06/08 18:42:46 [notice] 29#29: exiting
2024/06/08 18:42:46 [notice] 31#31: exiting
2024/06/08 18:42:46 [notice] 32#32: exit
2024/06/08 18:42:46 [notice] 33#33: exit
2024/06/08 18:42:46 [notice] 28#28: exit
2024/06/08 18:42:46 [notice] 29#29: exit
2024/06/08 18:42:46 [notice] 31#31: exit
2024/06/08 18:42:46 [notice] 1#1: signal 17 (SIGCHLD) received from 31
2024/06/08 18:42:46 [notice] 1#1: worker process 30 exited with code 0
2024/06/08 18:42:46 [notice] 1#1: worker process 31 exited with code 0
2024/06/08 18:42:46 [notice] 1#1: signal 29 (SIGIO) received
2024/06/08 18:42:46 [notice] 1#1: signal 17 (SIGCHLD) received from 29
2024/06/08 18:42:46 [notice] 1#1: worker process 28 exited with code 0
2024/06/08 18:42:46 [notice] 1#1: worker process 29 exited with code 0
2024/06/08 18:42:46 [notice] 1#1: worker process 32 exited with code 0
2024/06/08 18:42:46 [notice] 1#1: signal 29 (SIGIO) received
2024/06/08 18:42:46 [notice] 1#1: signal 17 (SIGCHLD) received from 33
2024/06/08 18:42:46 [notice] 1#1: worker process 33 exited with code 0
2024/06/08 18:42:46 [notice] 1#1: exit
2024/06/08 18:42:51 [notice] 1#1: using the "epoll" event method
2024/06/08 18:42:51 [notice] 1#1: nginx/1.27.0
2024/06/08 18:42:51 [notice] 1#1: built by gcc 12.2.0 (Debian 12.2.0-14) 
2024/06/08 18:42:51 [notice] 1#1: OS: Linux 5.10.104-linuxkit
2024/06/08 18:42:51 [notice] 1#1: getrlimit(RLIMIT_NOFILE): 1048576:1048576
2024/06/08 18:42:51 [notice] 1#1: start worker processes
2024/06/08 18:42:51 [notice] 1#1: start worker process 28
2024/06/08 18:42:51 [notice] 1#1: start worker process 29
2024/06/08 18:42:51 [notice] 1#1: start worker process 30
2024/06/08 18:42:51 [notice] 1#1: start worker process 31
2024/06/08 18:42:51 [notice] 1#1: start worker process 32
2024/06/08 18:42:51 [notice] 1#1: start worker process 33
2024/06/08 18:43:35 [notice] 1#1: signal 3 (SIGQUIT) received, shutting down
2024/06/08 18:43:35 [notice] 29#29: gracefully shutting down
2024/06/08 18:43:35 [notice] 29#29: exiting
2024/06/08 18:43:35 [notice] 33#33: gracefully shutting down
2024/06/08 18:43:35 [notice] 32#32: gracefully shutting down
2024/06/08 18:43:35 [notice] 32#32: exiting
2024/06/08 18:43:35 [notice] 30#30: gracefully shutting down
2024/06/08 18:43:35 [notice] 30#30: exiting
2024/06/08 18:43:35 [notice] 31#31: gracefully shutting down
2024/06/08 18:43:35 [notice] 28#28: gracefully shutting down
2024/06/08 18:43:35 [notice] 29#29: exit
2024/06/08 18:43:35 [notice] 33#33: exiting
2024/06/08 18:43:35 [notice] 32#32: exit
2024/06/08 18:43:35 [notice] 30#30: exit
2024/06/08 18:43:35 [notice] 31#31: exiting
2024/06/08 18:43:35 [notice] 28#28: exiting
2024/06/08 18:43:35 [notice] 33#33: exit
2024/06/08 18:43:35 [notice] 31#31: exit
2024/06/08 18:43:35 [notice] 28#28: exit
2024/06/08 18:43:35 [notice] 1#1: signal 17 (SIGCHLD) received from 29
2024/06/08 18:43:35 [notice] 1#1: worker process 29 exited with code 0
2024/06/08 18:43:35 [notice] 1#1: signal 29 (SIGIO) received
2024/06/08 18:43:35 [notice] 1#1: signal 17 (SIGCHLD) received from 30
2024/06/08 18:43:35 [notice] 1#1: worker process 30 exited with code 0
2024/06/08 18:43:35 [notice] 1#1: worker process 32 exited with code 0
2024/06/08 18:43:35 [notice] 1#1: signal 29 (SIGIO) received
2024/06/08 18:43:35 [notice] 1#1: signal 17 (SIGCHLD) received from 33
2024/06/08 18:43:35 [notice] 1#1: worker process 31 exited with code 0
2024/06/08 18:43:35 [notice] 1#1: worker process 33 exited with code 0
2024/06/08 18:43:35 [notice] 1#1: signal 29 (SIGIO) received
2024/06/08 18:43:35 [notice] 1#1: signal 17 (SIGCHLD) received from 28
2024/06/08 18:43:35 [notice] 1#1: worker process 28 exited with code 0
2024/06/08 18:43:35 [notice] 1#1: exit
2024/06/08 18:43:41 [notice] 1#1: using the "epoll" event method
2024/06/08 18:43:41 [notice] 1#1: nginx/1.27.0
2024/06/08 18:43:41 [notice] 1#1: built by gcc 12.2.0 (Debian 12.2.0-14) 
2024/06/08 18:43:41 [notice] 1#1: OS: Linux 5.10.104-linuxkit
2024/06/08 18:43:41 [notice] 1#1: getrlimit(RLIMIT_NOFILE): 1048576:1048576
2024/06/08 18:43:41 [notice] 1#1: start worker processes
2024/06/08 18:43:41 [notice] 1#1: start worker process 28
2024/06/08 18:43:41 [notice] 1#1: start worker process 29
2024/06/08 18:43:41 [notice] 1#1: start worker process 30
2024/06/08 18:43:41 [notice] 1#1: start worker process 31
2024/06/08 18:43:41 [notice] 1#1: start worker process 32
2024/06/08 18:43:41 [notice] 1#1: start worker process 33
2024/06/08 18:44:49 [notice] 1#1: signal 3 (SIGQUIT) received, shutting down
2024/06/08 18:44:49 [notice] 29#29: gracefully shutting down
2024/06/08 18:44:49 [notice] 29#29: exiting
2024/06/08 18:44:49 [notice] 28#28: gracefully shutting down
2024/06/08 18:44:49 [notice] 28#28: exiting
2024/06/08 18:44:49 [notice] 32#32: gracefully shutting down
2024/06/08 18:44:49 [notice] 31#31: gracefully shutting down
2024/06/08 18:44:49 [notice] 30#30: gracefully shutting down
2024/06/08 18:44:49 [notice] 33#33: gracefully shutting down
2024/06/08 18:44:49 [notice] 33#33: exiting
2024/06/08 18:44:49 [notice] 29#29: exit
2024/06/08 18:44:49 [notice] 28#28: exit
2024/06/08 18:44:49 [notice] 32#32: exiting
2024/06/08 18:44:49 [notice] 31#31: exiting
2024/06/08 18:44:49 [notice] 30#30: exiting
2024/06/08 18:44:49 [notice] 30#30: exit
2024/06/08 18:44:49 [notice] 33#33: exit
2024/06/08 18:44:49 [notice] 32#32: exit
2024/06/08 18:44:49 [notice] 31#31: exit
2024/06/08 18:44:49 [notice] 1#1: signal 17 (SIGCHLD) received from 30
2024/06/08 18:44:49 [notice] 1#1: worker process 29 exited with code 0
2024/06/08 18:44:49 [notice] 1#1: worker process 30 exited with code 0
2024/06/08 18:44:49 [notice] 1#1: signal 29 (SIGIO) received
2024/06/08 18:44:49 [notice] 1#1: signal 17 (SIGCHLD) received from 33
2024/06/08 18:44:49 [notice] 1#1: worker process 28 exited with code 0
2024/06/08 18:44:49 [notice] 1#1: worker process 32 exited with code 0
2024/06/08 18:44:49 [notice] 1#1: worker process 33 exited with code 0
2024/06/08 18:44:49 [notice] 1#1: signal 17 (SIGCHLD) received from 31
2024/06/08 18:44:49 [notice] 1#1: worker process 31 exited with code 0
2024/06/08 18:44:49 [notice] 1#1: exit
2024/06/08 18:44:52 [notice] 1#1: using the "epoll" event method
2024/06/08 18:44:52 [notice] 1#1: nginx/1.27.0
2024/06/08 18:44:52 [notice] 1#1: built by gcc 12.2.0 (Debian 12.2.0-14) 
2024/06/08 18:44:52 [notice] 1#1: OS: Linux 5.10.104-linuxkit
2024/06/08 18:44:52 [notice] 1#1: getrlimit(RLIMIT_NOFILE): 1048576:1048576
2024/06/08 18:44:52 [notice] 1#1: start worker processes
2024/06/08 18:44:52 [notice] 1#1: start worker process 28
2024/06/08 18:44:52 [notice] 1#1: start worker process 29
2024/06/08 18:44:52 [notice] 1#1: start worker process 30
2024/06/08 18:44:52 [notice] 1#1: start worker process 31
2024/06/08 18:44:52 [notice] 1#1: start worker process 32
2024/06/08 18:44:52 [notice] 1#1: start worker process 33
2024/06/08 18:45:52 [notice] 1#1: signal 3 (SIGQUIT) received, shutting down
2024/06/08 18:45:52 [notice] 28#28: gracefully shutting down
2024/06/08 18:45:52 [notice] 32#32: gracefully shutting down
2024/06/08 18:45:52 [notice] 29#29: gracefully shutting down
2024/06/08 18:45:52 [notice] 31#31: gracefully shutting down
2024/06/08 18:45:52 [notice] 33#33: gracefully shutting down
2024/06/08 18:45:52 [notice] 33#33: exiting
2024/06/08 18:45:52 [notice] 30#30: gracefully shutting down
2024/06/08 18:45:52 [notice] 30#30: exiting
2024/06/08 18:45:52 [notice] 28#28: exiting
2024/06/08 18:45:52 [notice] 28#28: exit
2024/06/08 18:45:52 [notice] 32#32: exiting
2024/06/08 18:45:52 [notice] 29#29: exiting
2024/06/08 18:45:52 [notice] 31#31: exiting
2024/06/08 18:45:52 [notice] 31#31: exit
2024/06/08 18:45:52 [notice] 33#33: exit
2024/06/08 18:45:52 [notice] 30#30: exit
2024/06/08 18:45:52 [notice] 32#32: exit
2024/06/08 18:45:52 [notice] 29#29: exit
2024/06/08 18:45:52 [notice] 1#1: signal 17 (SIGCHLD) received from 28
2024/06/08 18:45:52 [notice] 1#1: worker process 28 exited with code 0
2024/06/08 18:45:52 [notice] 1#1: worker process 32 exited with code 0
2024/06/08 18:45:52 [notice] 1#1: signal 29 (SIGIO) received
2024/06/08 18:45:52 [notice] 1#1: signal 17 (SIGCHLD) received from 32
2024/06/08 18:45:52 [notice] 1#1: worker process 31 exited with code 0
2024/06/08 18:45:52 [notice] 1#1: signal 29 (SIGIO) received
2024/06/08 18:45:52 [notice] 1#1: signal 17 (SIGCHLD) received from 30
2024/06/08 18:45:52 [notice] 1#1: worker process 29 exited with code 0
2024/06/08 18:45:52 [notice] 1#1: worker process 30 exited with code 0
2024/06/08 18:45:52 [notice] 1#1: worker process 33 exited with code 0
2024/06/08 18:45:52 [notice] 1#1: exit
2024/06/08 18:46:02 [notice] 1#1: using the "epoll" event method
2024/06/08 18:46:02 [notice] 1#1: nginx/1.27.0
2024/06/08 18:46:02 [notice] 1#1: built by gcc 12.2.0 (Debian 12.2.0-14) 
2024/06/08 18:46:02 [notice] 1#1: OS: Linux 5.10.104-linuxkit
2024/06/08 18:46:02 [notice] 1#1: getrlimit(RLIMIT_NOFILE): 1048576:1048576
2024/06/08 18:46:02 [notice] 1#1: start worker processes
2024/06/08 18:46:02 [notice] 1#1: start worker process 28
2024/06/08 18:46:02 [notice] 1#1: start worker process 29
2024/06/08 18:46:02 [notice] 1#1: start worker process 30
2024/06/08 18:46:02 [notice] 1#1: start worker process 31
2024/06/08 18:46:02 [notice] 1#1: start worker process 32
2024/06/08 18:46:02 [notice] 1#1: start worker process 33
